Mensaje I / 00:00:00:000 / Root(00) para top(01)
Mensaje I / 00:00:00:000 / top(01) para gnutella(02)
Mensaje D / 00:00:00:000 / gnutella(02) / ... para top(01)
Mensaje D / 00:00:00:000 / top(01) / ... para Root(00)
Mensaje X / 00:00:01:000 / Root(00) / connections / 100000025542656.00000 para top(01)
Mensaje X / 00:00:01:000 / top(01) / connections / 100000025542656.00000 para gnutella(02)
Mensaje D / 00:00:01:000 / gnutella(02) / 00:00:00:000 para top(01)
Mensaje D / 00:00:01:000 / top(01) / 00:00:00:000 para Root(00)
Mensaje * / 00:00:01:000 / Root(00) para top(01)
Mensaje * / 00:00:01:000 / top(01) para gnutella(02)
Mensaje Y / 00:00:01:000 / gnutella(02) / connect_out /      0.00000 para top(01)
Mensaje D / 00:00:01:000 / gnutella(02) / ... para top(01)
Mensaje Y / 00:00:01:000 / top(01) / connect_out /      0.00000 para Root(00)
Mensaje D / 00:00:01:000 / top(01) / ... para Root(00)
Mensaje X / 00:00:02:000 / Root(00) / connections / 100000033931264.00000 para top(01)
Mensaje X / 00:00:02:000 / top(01) / connections / 100000033931264.00000 para gnutella(02)
Mensaje D / 00:00:02:000 / gnutella(02) / 00:00:00:000 para top(01)
Mensaje D / 00:00:02:000 / top(01) / 00:00:00:000 para Root(00)
Mensaje * / 00:00:02:000 / Root(00) para top(01)
Mensaje * / 00:00:02:000 / top(01) para gnutella(02)
Mensaje D / 00:00:02:000 / gnutella(02) / ... para top(01)
Mensaje D / 00:00:02:000 / top(01) / ... para Root(00)
Mensaje X / 00:00:03:000 / Root(00) / connections / 100000008765440.00000 para top(01)
Mensaje X / 00:00:03:000 / top(01) / connections / 100000008765440.00000 para gnutella(02)
Mensaje D / 00:00:03:000 / gnutella(02) / 00:00:00:000 para top(01)
Mensaje D / 00:00:03:000 / top(01) / 00:00:00:000 para Root(00)
Mensaje * / 00:00:03:000 / Root(00) para top(01)
Mensaje * / 00:00:03:000 / top(01) para gnutella(02)
Mensaje D / 00:00:03:000 / gnutella(02) / ... para top(01)
Mensaje D / 00:00:03:000 / top(01) / ... para Root(00)
Mensaje X / 00:00:04:000 / Root(00) / connections / 100000042319872.00000 para top(01)
Mensaje X / 00:00:04:000 / top(01) / connections / 100000042319872.00000 para gnutella(02)
Mensaje D / 00:00:04:000 / gnutella(02) / 00:00:00:000 para top(01)
Mensaje D / 00:00:04:000 / top(01) / 00:00:00:000 para Root(00)
Mensaje * / 00:00:04:000 / Root(00) para top(01)
Mensaje * / 00:00:04:000 / top(01) para gnutella(02)
Mensaje D / 00:00:04:000 / gnutella(02) / ... para top(01)
Mensaje D / 00:00:04:000 / top(01) / ... para Root(00)
Mensaje X / 00:00:05:000 / Root(00) / connections / 100000000376832.00000 para top(01)
Mensaje X / 00:00:05:000 / top(01) / connections / 100000000376832.00000 para gnutella(02)
Mensaje D / 00:00:05:000 / gnutella(02) / 00:00:00:000 para top(01)
Mensaje D / 00:00:05:000 / top(01) / 00:00:00:000 para Root(00)
Mensaje * / 00:00:05:000 / Root(00) para top(01)
Mensaje * / 00:00:05:000 / top(01) para gnutella(02)
Mensaje D / 00:00:05:000 / gnutella(02) / ... para top(01)
Mensaje D / 00:00:05:000 / top(01) / ... para Root(00)
Mensaje X / 00:00:06:000 / Root(00) / connections / 100000067485696.00000 para top(01)
Mensaje X / 00:00:06:000 / top(01) / connections / 100000067485696.00000 para gnutella(02)
Mensaje D / 00:00:06:000 / gnutella(02) / 00:00:00:000 para top(01)
Mensaje D / 00:00:06:000 / top(01) / 00:00:00:000 para Root(00)
Mensaje * / 00:00:06:000 / Root(00) para top(01)
Mensaje * / 00:00:06:000 / top(01) para gnutella(02)
Mensaje D / 00:00:06:000 / gnutella(02) / ... para top(01)
Mensaje D / 00:00:06:000 / top(01) / ... para Root(00)
Mensaje X / 00:00:07:000 / Root(00) / connections / 100000075874304.00000 para top(01)
Mensaje X / 00:00:07:000 / top(01) / connections / 100000075874304.00000 para gnutella(02)
Mensaje D / 00:00:07:000 / gnutella(02) / 00:00:00:000 para top(01)
Mensaje D / 00:00:07:000 / top(01) / 00:00:00:000 para Root(00)
Mensaje * / 00:00:07:000 / Root(00) para top(01)
Mensaje * / 00:00:07:000 / top(01) para gnutella(02)
Mensaje D / 00:00:07:000 / gnutella(02) / ... para top(01)
Mensaje D / 00:00:07:000 / top(01) / ... para Root(00)
Mensaje X / 00:00:08:000 / Root(00) / query / 100000201703424.00000 para top(01)
Mensaje X / 00:00:08:000 / top(01) / query / 100000201703424.00000 para gnutella(02)
Mensaje D / 00:00:08:000 / gnutella(02) / 00:00:00:000 para top(01)
Mensaje D / 00:00:08:000 / top(01) / 00:00:00:000 para Root(00)
Mensaje * / 00:00:08:000 / Root(00) para top(01)
Mensaje * / 00:00:08:000 / top(01) para gnutella(02)
Mensaje Y / 00:00:08:000 / gnutella(02) / q_out / 200001703424.00000 para top(01)
Mensaje Y / 00:00:08:000 / gnutella(02) / localout / 100200001703424.00000 para top(01)
Mensaje D / 00:00:08:000 / gnutella(02) / ... para top(01)
Mensaje Y / 00:00:08:000 / top(01) / q_out / 200001703424.00000 para Root(00)
Mensaje D / 00:00:08:000 / top(01) / ... para Root(00)
Mensaje X / 00:00:09:000 / Root(00) / query / 200000302743552.00000 para top(01)
Mensaje X / 00:00:09:000 / top(01) / query / 200000302743552.00000 para gnutella(02)
Mensaje D / 00:00:09:000 / gnutella(02) / 00:00:00:000 para top(01)
Mensaje D / 00:00:09:000 / top(01) / 00:00:00:000 para Root(00)
Mensaje * / 00:00:09:000 / Root(00) para top(01)
Mensaje * / 00:00:09:000 / top(01) para gnutella(02)
Mensaje Y / 00:00:09:000 / gnutella(02) / q_out / 100300002743552.00000 para top(01)
Mensaje Y / 00:00:09:000 / gnutella(02) / localout / 100300002743552.00000 para top(01)
Mensaje D / 00:00:09:000 / gnutella(02) / ... para top(01)
Mensaje Y / 00:00:09:000 / top(01) / q_out / 100300002743552.00000 para Root(00)
Mensaje D / 00:00:09:000 / top(01) / ... para Root(00)
Mensaje X / 00:00:10:000 / Root(00) / query / 300000412172288.00000 para top(01)
Mensaje X / 00:00:10:000 / top(01) / query / 300000412172288.00000 para gnutella(02)
Mensaje D / 00:00:10:000 / gnutella(02) / 00:00:00:000 para top(01)
Mensaje D / 00:00:10:000 / top(01) / 00:00:00:000 para Root(00)
Mensaje * / 00:00:10:000 / Root(00) para top(01)
Mensaje * / 00:00:10:000 / top(01) para gnutella(02)
Mensaje Y / 00:00:10:000 / gnutella(02) / q_out / 200400012172288.00000 para top(01)
Mensaje Y / 00:00:10:000 / gnutella(02) / localout / 100400012172288.00000 para top(01)
Mensaje D / 00:00:10:000 / gnutella(02) / ... para top(01)
Mensaje Y / 00:00:10:000 / top(01) / q_out / 200400012172288.00000 para Root(00)
Mensaje D / 00:00:10:000 / top(01) / ... para Root(00)
Mensaje X / 00:00:11:000 / Root(00) / query / 400000504823808.00000 para top(01)
Mensaje X / 00:00:11:000 / top(01) / query / 400000504823808.00000 para gnutella(02)
Mensaje D / 00:00:11:000 / gnutella(02) / 00:00:00:000 para top(01)
Mensaje D / 00:00:11:000 / top(01) / 00:00:00:000 para Root(00)
Mensaje * / 00:00:11:000 / Root(00) para top(01)
Mensaje * / 00:00:11:000 / top(01) para gnutella(02)
Mensaje Y / 00:00:11:000 / gnutella(02) / q_out / 300500004823808.00000 para top(01)
Mensaje Y / 00:00:11:000 / gnutella(02) / localout / 100500004823808.00000 para top(01)
Mensaje D / 00:00:11:000 / gnutella(02) / ... para top(01)
Mensaje Y / 00:00:11:000 / top(01) / q_out / 300500004823808.00000 para Root(00)
Mensaje D / 00:00:11:000 / top(01) / ... para Root(00)
Mensaje X / 00:00:12:000 / Root(00) / query / 500000597475328.00000 para top(01)
Mensaje X / 00:00:12:000 / top(01) / query / 500000597475328.00000 para gnutella(02)
Mensaje D / 00:00:12:000 / gnutella(02) / 00:00:00:000 para top(01)
Mensaje D / 00:00:12:000 / top(01) / 00:00:00:000 para Root(00)
Mensaje * / 00:00:12:000 / Root(00) para top(01)
Mensaje * / 00:00:12:000 / top(01) para gnutella(02)
Mensaje Y / 00:00:12:000 / gnutella(02) / q_out / 400500097475328.00000 para top(01)
Mensaje Y / 00:00:12:000 / gnutella(02) / localout / 100500097475328.00000 para top(01)
Mensaje D / 00:00:12:000 / gnutella(02) / ... para top(01)
Mensaje Y / 00:00:12:000 / top(01) / q_out / 400500097475328.00000 para Root(00)
Mensaje D / 00:00:12:000 / top(01) / ... para Root(00)
Mensaje X / 00:00:13:000 / Root(00) / query / 600000690126848.00000 para top(01)
Mensaje X / 00:00:13:000 / top(01) / query / 600000690126848.00000 para gnutella(02)
Mensaje D / 00:00:13:000 / gnutella(02) / 00:00:00:000 para top(01)
Mensaje D / 00:00:13:000 / top(01) / 00:00:00:000 para Root(00)
Mensaje * / 00:00:13:000 / Root(00) para top(01)
Mensaje * / 00:00:13:000 / top(01) para gnutella(02)
Mensaje Y / 00:00:13:000 / gnutella(02) / q_out / 500600090126848.00000 para top(01)
Mensaje Y / 00:00:13:000 / gnutella(02) / localout / 100600090126848.00000 para top(01)
Mensaje D / 00:00:13:000 / gnutella(02) / ... para top(01)
Mensaje Y / 00:00:13:000 / top(01) / q_out / 500600090126848.00000 para Root(00)
Mensaje D / 00:00:13:000 / top(01) / ... para Root(00)
Mensaje X / 00:00:14:000 / Root(00) / query / 700000816332800.00000 para top(01)
Mensaje X / 00:00:14:000 / top(01) / query / 700000816332800.00000 para gnutella(02)
Mensaje D / 00:00:14:000 / gnutella(02) / 00:00:00:000 para top(01)
Mensaje D / 00:00:14:000 / top(01) / 00:00:00:000 para Root(00)
Mensaje * / 00:00:14:000 / Root(00) para top(01)
Mensaje * / 00:00:14:000 / top(01) para gnutella(02)
Mensaje Y / 00:00:14:000 / gnutella(02) / q_out / 600800016332800.00000 para top(01)
Mensaje Y / 00:00:14:000 / gnutella(02) / localout / 100800016332800.00000 para top(01)
Mensaje D / 00:00:14:000 / gnutella(02) / ... para top(01)
Mensaje Y / 00:00:14:000 / top(01) / q_out / 600800016332800.00000 para Root(00)
Mensaje D / 00:00:14:000 / top(01) / ... para Root(00)
