Mensaje I / 00:00:00:000 / Root(00) para top(01)
Mensaje I / 00:00:00:000 / top(01) para disp(02)
Mensaje D / 00:00:00:000 / disp(02) / ... para top(01)
Mensaje D / 00:00:00:000 / top(01) / ... para Root(00)
Mensaje X / 00:00:15:000 / Root(00) / msg_in /    102.00000 para top(01)
Mensaje X / 00:00:15:000 / top(01) / msg_in /    102.00000 para disp(02)
Mensaje D / 00:00:15:000 / disp(02) / 00:00:00:000 para top(01)
Mensaje D / 00:00:15:000 / top(01) / 00:00:00:000 para Root(00)
Mensaje * / 00:00:15:000 / Root(00) para top(01)
Mensaje * / 00:00:15:000 / top(01) para disp(02)
Mensaje Y / 00:00:15:000 / disp(02) / peer_id /    100.00000 para top(01)
Mensaje Y / 00:00:15:000 / disp(02) / query_id /    200.00000 para top(01)
Mensaje D / 00:00:15:000 / disp(02) / ... para top(01)
Mensaje Y / 00:00:15:000 / top(01) / peer_id /    100.00000 para Root(00)
Mensaje Y / 00:00:15:000 / top(01) / query_id /    200.00000 para Root(00)
Mensaje D / 00:00:15:000 / top(01) / ... para Root(00)
Mensaje X / 00:00:16:000 / Root(00) / msg_in /    206.00000 para top(01)
Mensaje X / 00:00:16:000 / top(01) / msg_in /    206.00000 para disp(02)
Mensaje D / 00:00:16:000 / disp(02) / 00:00:00:000 para top(01)
Mensaje D / 00:00:16:000 / top(01) / 00:00:00:000 para Root(00)
Mensaje * / 00:00:16:000 / Root(00) para top(01)
Mensaje * / 00:00:16:000 / top(01) para disp(02)
Mensaje Y / 00:00:16:000 / disp(02) / peer_id /    201.00000 para top(01)
Mensaje Y / 00:00:16:000 / disp(02) / query_id /    601.00000 para top(01)
Mensaje D / 00:00:16:000 / disp(02) / ... para top(01)
Mensaje Y / 00:00:16:000 / top(01) / peer_id /    201.00000 para Root(00)
Mensaje Y / 00:00:16:000 / top(01) / query_id /    601.00000 para Root(00)
Mensaje D / 00:00:16:000 / top(01) / ... para Root(00)
Mensaje X / 00:00:20:000 / Root(00) / msg_in /    122.00000 para top(01)
Mensaje X / 00:00:20:000 / top(01) / msg_in /    122.00000 para disp(02)
Mensaje D / 00:00:20:000 / disp(02) / 00:00:00:000 para top(01)
Mensaje D / 00:00:20:000 / top(01) / 00:00:00:000 para Root(00)
Mensaje * / 00:00:20:000 / Root(00) para top(01)
Mensaje * / 00:00:20:000 / top(01) para disp(02)
Mensaje Y / 00:00:20:000 / disp(02) / peer_id /    102.00000 para top(01)
Mensaje Y / 00:00:20:000 / disp(02) / query_id /   2202.00000 para top(01)
Mensaje D / 00:00:20:000 / disp(02) / ... para top(01)
Mensaje Y / 00:00:20:000 / top(01) / peer_id /    102.00000 para Root(00)
Mensaje Y / 00:00:20:000 / top(01) / query_id /   2202.00000 para Root(00)
Mensaje D / 00:00:20:000 / top(01) / ... para Root(00)
Mensaje X / 00:00:21:000 / Root(00) / msg_in /    346.00000 para top(01)
Mensaje X / 00:00:21:000 / top(01) / msg_in /    346.00000 para disp(02)
Mensaje D / 00:00:21:000 / disp(02) / 00:00:00:000 para top(01)
Mensaje D / 00:00:21:000 / top(01) / 00:00:00:000 para Root(00)
Mensaje * / 00:00:21:000 / Root(00) para top(01)
Mensaje * / 00:00:21:000 / top(01) para disp(02)
Mensaje Y / 00:00:21:000 / disp(02) / peer_id /    303.00000 para top(01)
Mensaje Y / 00:00:21:000 / disp(02) / query_id /   4603.00000 para top(01)
Mensaje D / 00:00:21:000 / disp(02) / ... para top(01)
Mensaje Y / 00:00:21:000 / top(01) / peer_id /    303.00000 para Root(00)
Mensaje Y / 00:00:21:000 / top(01) / query_id /   4603.00000 para Root(00)
Mensaje D / 00:00:21:000 / top(01) / ... para Root(00)
