Mensaje I / 00:00:00:000 / Root(00) para top(01)
Mensaje I / 00:00:00:000 / top(01) para demux(02)
Mensaje D / 00:00:00:000 / demux(02) / ... para top(01)
Mensaje D / 00:00:00:000 / top(01) / ... para Root(00)
Mensaje X / 00:00:15:000 / Root(00) / msg_in / 100000201703424.00000 para top(01)
Mensaje X / 00:00:15:000 / top(01) / msg_in / 100000201703424.00000 para demux(02)
Mensaje D / 00:00:15:000 / demux(02) / 00:00:00:000 para top(01)
Mensaje D / 00:00:15:000 / top(01) / 00:00:00:000 para Root(00)
Mensaje * / 00:00:15:000 / Root(00) para top(01)
Mensaje * / 00:00:15:000 / top(01) para demux(02)
Mensaje Y / 00:00:15:000 / demux(02) / out_2 / 100000200003424.00000 para top(01)
Mensaje D / 00:00:15:000 / demux(02) / ... para top(01)
Mensaje Y / 00:00:15:000 / top(01) / out_2 / 100000200003424.00000 para Root(00)
Mensaje D / 00:00:15:000 / top(01) / ... para Root(00)
Mensaje X / 00:00:16:000 / Root(00) / msg_in / 200000202080256.00000 para top(01)
Mensaje X / 00:00:16:000 / top(01) / msg_in / 200000202080256.00000 para demux(02)
Mensaje D / 00:00:16:000 / demux(02) / 00:00:00:000 para top(01)
Mensaje D / 00:00:16:000 / top(01) / 00:00:00:000 para Root(00)
Mensaje * / 00:00:16:000 / Root(00) para top(01)
Mensaje * / 00:00:16:000 / top(01) para demux(02)
Mensaje Y / 00:00:16:000 / demux(02) / out_2 / 200000200180256.00000 para top(01)
Mensaje D / 00:00:16:000 / demux(02) / ... para top(01)
Mensaje Y / 00:00:16:000 / top(01) / out_2 / 200000200180256.00000 para Root(00)
Mensaje D / 00:00:16:000 / top(01) / ... para Root(00)
Mensaje X / 00:00:32:000 / Root(00) / msg_in / 300000210845696.00000 para top(01)
Mensaje X / 00:00:32:000 / top(01) / msg_in / 300000210845696.00000 para demux(02)
Mensaje D / 00:00:32:000 / demux(02) / 00:00:00:000 para top(01)
Mensaje D / 00:00:32:000 / top(01) / 00:00:00:000 para Root(00)
Mensaje * / 00:00:32:000 / Root(00) para top(01)
Mensaje * / 00:00:32:000 / top(01) para demux(02)
Mensaje Y / 00:00:32:000 / demux(02) / out_2 / 300000200245696.00000 para top(01)
Mensaje D / 00:00:32:000 / demux(02) / ... para top(01)
Mensaje Y / 00:00:32:000 / top(01) / out_2 / 300000200245696.00000 para Root(00)
Mensaje D / 00:00:32:000 / top(01) / ... para Root(00)
Mensaje X / 00:00:33:001 / Root(00) / msg_in / 400000202833920.00000 para top(01)
Mensaje X / 00:00:33:001 / top(01) / msg_in / 400000202833920.00000 para demux(02)
Mensaje D / 00:00:33:001 / demux(02) / 00:00:00:000 para top(01)
Mensaje D / 00:00:33:001 / top(01) / 00:00:00:000 para Root(00)
Mensaje * / 00:00:33:001 / Root(00) para top(01)
Mensaje * / 00:00:33:001 / top(01) para demux(02)
Mensaje Y / 00:00:33:001 / demux(02) / out_2 / 400000200333920.00000 para top(01)
Mensaje D / 00:00:33:001 / demux(02) / ... para top(01)
Mensaje Y / 00:00:33:001 / top(01) / out_2 / 400000200333920.00000 para Root(00)
Mensaje D / 00:00:33:001 / top(01) / ... para Root(00)
Mensaje X / 00:00:34:005 / Root(00) / msg_in / 500000194822144.00000 para top(01)
Mensaje X / 00:00:34:005 / top(01) / msg_in / 500000194822144.00000 para demux(02)
Mensaje D / 00:00:34:005 / demux(02) / 00:00:00:000 para top(01)
Mensaje D / 00:00:34:005 / top(01) / 00:00:00:000 para Root(00)
Mensaje * / 00:00:34:005 / Root(00) para top(01)
Mensaje * / 00:00:34:005 / top(01) para demux(02)
Mensaje Y / 00:00:34:005 / demux(02) / out_1 / 500000100422144.00000 para top(01)
Mensaje D / 00:00:34:005 / demux(02) / ... para top(01)
Mensaje Y / 00:00:34:005 / top(01) / out_1 / 500000100422144.00000 para Root(00)
Mensaje D / 00:00:34:005 / top(01) / ... para Root(00)
