Mensaje I / 00:00:00:000 / Root(00) para top(01)
Mensaje I / 00:00:00:000 / top(01) para connector(02)
Mensaje D / 00:00:00:000 / connector(02) / ... para top(01)
Mensaje D / 00:00:00:000 / top(01) / ... para Root(00)
Mensaje X / 00:00:01:000 / Root(00) / online /      1.00000 para top(01)
Mensaje X / 00:00:01:000 / top(01) / online /      1.00000 para connector(02)
Mensaje D / 00:00:01:000 / connector(02) / 00:00:00:000 para top(01)
Mensaje D / 00:00:01:000 / top(01) / 00:00:00:000 para Root(00)
Mensaje * / 00:00:01:000 / Root(00) para top(01)
Mensaje * / 00:00:01:000 / top(01) para connector(02)
Mensaje Y / 00:00:01:000 / connector(02) / out_connect /      0.00000 para top(01)
Mensaje D / 00:00:01:000 / connector(02) / 00:00:01:000 para top(01)
Mensaje Y / 00:00:01:000 / top(01) / out_connect /      0.00000 para Root(00)
Mensaje D / 00:00:01:000 / top(01) / 00:00:01:000 para Root(00)
Mensaje * / 00:00:02:000 / Root(00) para top(01)
Mensaje * / 00:00:02:000 / top(01) para connector(02)
Mensaje Y / 00:00:02:000 / connector(02) / out_connect /      2.00000 para top(01)
Mensaje D / 00:00:02:000 / connector(02) / 00:00:01:000 para top(01)
Mensaje Y / 00:00:02:000 / top(01) / out_connect /      2.00000 para Root(00)
Mensaje D / 00:00:02:000 / top(01) / 00:00:01:000 para Root(00)
Mensaje * / 00:00:03:000 / Root(00) para top(01)
Mensaje * / 00:00:03:000 / top(01) para connector(02)
Mensaje Y / 00:00:03:000 / connector(02) / out_connect /      3.00000 para top(01)
Mensaje D / 00:00:03:000 / connector(02) / 00:00:01:000 para top(01)
Mensaje Y / 00:00:03:000 / top(01) / out_connect /      3.00000 para Root(00)
Mensaje D / 00:00:03:000 / top(01) / 00:00:01:000 para Root(00)
Mensaje * / 00:00:04:000 / Root(00) para top(01)
Mensaje * / 00:00:04:000 / top(01) para connector(02)
Mensaje Y / 00:00:04:000 / connector(02) / out_connect /      7.00000 para top(01)
Mensaje D / 00:00:04:000 / connector(02) / 00:00:01:000 para top(01)
Mensaje Y / 00:00:04:000 / top(01) / out_connect /      7.00000 para Root(00)
Mensaje D / 00:00:04:000 / top(01) / 00:00:01:000 para Root(00)
Mensaje * / 00:00:05:000 / Root(00) para top(01)
Mensaje * / 00:00:05:000 / top(01) para connector(02)
Mensaje Y / 00:00:05:000 / connector(02) / out_connect /      8.00000 para top(01)
Mensaje D / 00:00:05:000 / connector(02) / 00:00:01:000 para top(01)
Mensaje Y / 00:00:05:000 / top(01) / out_connect /      8.00000 para Root(00)
Mensaje D / 00:00:05:000 / top(01) / 00:00:01:000 para Root(00)
Mensaje * / 00:00:06:000 / Root(00) para top(01)
Mensaje * / 00:00:06:000 / top(01) para connector(02)
Mensaje Y / 00:00:06:000 / connector(02) / out_connect /     21.00000 para top(01)
Mensaje D / 00:00:06:000 / connector(02) / 00:04:00:000 para top(01)
Mensaje Y / 00:00:06:000 / top(01) / out_connect /     21.00000 para Root(00)
Mensaje D / 00:00:06:000 / top(01) / 00:04:00:000 para Root(00)
Mensaje X / 00:01:25:003 / Root(00) / in_connect /      8.00000 para top(01)
Mensaje X / 00:01:25:003 / top(01) / in_connect /      8.00000 para connector(02)
Mensaje D / 00:01:25:003 / connector(02) / 00:02:40:997 para top(01)
Mensaje D / 00:01:25:003 / top(01) / 00:02:40:997 para Root(00)
Mensaje X / 00:01:45:000 / Root(00) / in_connect /     21.00000 para top(01)
Mensaje X / 00:01:45:000 / top(01) / in_connect /     21.00000 para connector(02)
Mensaje D / 00:01:45:000 / connector(02) / 00:02:21:000 para top(01)
Mensaje D / 00:01:45:000 / top(01) / 00:02:21:000 para Root(00)
Mensaje * / 00:04:06:000 / Root(00) para top(01)
Mensaje * / 00:04:06:000 / top(01) para connector(02)
Mensaje Y / 00:04:06:000 / connector(02) / out_connect /      0.00000 para top(01)
Mensaje D / 00:04:06:000 / connector(02) / 00:00:01:000 para top(01)
Mensaje Y / 00:04:06:000 / top(01) / out_connect /      0.00000 para Root(00)
Mensaje D / 00:04:06:000 / top(01) / 00:00:01:000 para Root(00)
Mensaje * / 00:04:07:000 / Root(00) para top(01)
Mensaje * / 00:04:07:000 / top(01) para connector(02)
Mensaje Y / 00:04:07:000 / connector(02) / out_connect /      2.00000 para top(01)
Mensaje D / 00:04:07:000 / connector(02) / 00:00:01:000 para top(01)
Mensaje Y / 00:04:07:000 / top(01) / out_connect /      2.00000 para Root(00)
Mensaje D / 00:04:07:000 / top(01) / 00:00:01:000 para Root(00)
Mensaje * / 00:04:08:000 / Root(00) para top(01)
Mensaje * / 00:04:08:000 / top(01) para connector(02)
Mensaje Y / 00:04:08:000 / connector(02) / out_connect /      3.00000 para top(01)
Mensaje D / 00:04:08:000 / connector(02) / 00:00:01:000 para top(01)
Mensaje Y / 00:04:08:000 / top(01) / out_connect /      3.00000 para Root(00)
Mensaje D / 00:04:08:000 / top(01) / 00:00:01:000 para Root(00)
Mensaje * / 00:04:09:000 / Root(00) para top(01)
Mensaje * / 00:04:09:000 / top(01) para connector(02)
Mensaje Y / 00:04:09:000 / connector(02) / out_connect /      7.00000 para top(01)
Mensaje D / 00:04:09:000 / connector(02) / 00:04:00:000 para top(01)
Mensaje Y / 00:04:09:000 / top(01) / out_connect /      7.00000 para Root(00)
Mensaje D / 00:04:09:000 / top(01) / 00:04:00:000 para Root(00)
Mensaje * / 00:08:09:000 / Root(00) para top(01)
Mensaje * / 00:08:09:000 / top(01) para connector(02)
Mensaje Y / 00:08:09:000 / connector(02) / out_connect /      0.00000 para top(01)
Mensaje D / 00:08:09:000 / connector(02) / 00:00:01:000 para top(01)
Mensaje Y / 00:08:09:000 / top(01) / out_connect /      0.00000 para Root(00)
Mensaje D / 00:08:09:000 / top(01) / 00:00:01:000 para Root(00)
Mensaje * / 00:08:10:000 / Root(00) para top(01)
Mensaje * / 00:08:10:000 / top(01) para connector(02)
Mensaje Y / 00:08:10:000 / connector(02) / out_connect /      2.00000 para top(01)
Mensaje D / 00:08:10:000 / connector(02) / 00:00:01:000 para top(01)
Mensaje Y / 00:08:10:000 / top(01) / out_connect /      2.00000 para Root(00)
Mensaje D / 00:08:10:000 / top(01) / 00:00:01:000 para Root(00)
Mensaje * / 00:08:11:000 / Root(00) para top(01)
Mensaje * / 00:08:11:000 / top(01) para connector(02)
Mensaje Y / 00:08:11:000 / connector(02) / out_connect /      3.00000 para top(01)
Mensaje D / 00:08:11:000 / connector(02) / 00:00:01:000 para top(01)
Mensaje Y / 00:08:11:000 / top(01) / out_connect /      3.00000 para Root(00)
Mensaje D / 00:08:11:000 / top(01) / 00:00:01:000 para Root(00)
Mensaje * / 00:08:12:000 / Root(00) para top(01)
Mensaje * / 00:08:12:000 / top(01) para connector(02)
Mensaje Y / 00:08:12:000 / connector(02) / out_connect /      7.00000 para top(01)
Mensaje D / 00:08:12:000 / connector(02) / 00:04:00:000 para top(01)
Mensaje Y / 00:08:12:000 / top(01) / out_connect /      7.00000 para Root(00)
Mensaje D / 00:08:12:000 / top(01) / 00:04:00:000 para Root(00)
Mensaje X / 00:10:02:000 / Root(00) / offline /      1.00000 para top(01)
Mensaje X / 00:10:02:000 / top(01) / offline /      1.00000 para connector(02)
Mensaje D / 00:10:02:000 / connector(02) / 00:00:00:000 para top(01)
Mensaje D / 00:10:02:000 / top(01) / 00:00:00:000 para Root(00)
Mensaje * / 00:10:02:000 / Root(00) para top(01)
Mensaje * / 00:10:02:000 / top(01) para connector(02)
Mensaje D / 00:10:02:000 / connector(02) / ... para top(01)
Mensaje D / 00:10:02:000 / top(01) / ... para Root(00)
