Mensaje I / 00:00:00:000 / Root(00) para top(01)
Mensaje I / 00:00:00:000 / top(01) para connector(02)
Mensaje D / 00:00:00:000 / connector(02) / ... para top(01)
Mensaje D / 00:00:00:000 / top(01) / ... para Root(00)
Mensaje X / 00:00:01:000 / Root(00) / in_online /     31.00000 para top(01)
Mensaje X / 00:00:01:000 / top(01) / in_online /     31.00000 para connector(02)
Mensaje D / 00:00:01:000 / connector(02) / 00:00:00:010 para top(01)
Mensaje D / 00:00:01:000 / top(01) / 00:00:00:010 para Root(00)
Mensaje * / 00:00:01:010 / Root(00) para top(01)
Mensaje * / 00:00:01:010 / top(01) para connector(02)
Mensaje Y / 00:00:01:010 / connector(02) / out_online /     31.00000 para top(01)
Mensaje D / 00:00:01:010 / connector(02) / 00:00:01:000 para top(01)
Mensaje Y / 00:00:01:010 / top(01) / out_online /     31.00000 para Root(00)
Mensaje D / 00:00:01:010 / top(01) / 00:00:01:000 para Root(00)
Mensaje * / 00:00:02:010 / Root(00) para top(01)
Mensaje * / 00:00:02:010 / top(01) para connector(02)
Mensaje Y / 00:00:02:010 / connector(02) / out_connect / 3100800000000.00000 para top(01)
Mensaje D / 00:00:02:010 / connector(02) / 00:00:01:000 para top(01)
Mensaje Y / 00:00:02:010 / top(01) / out_connect / 3100800000000.00000 para Root(00)
Mensaje D / 00:00:02:010 / top(01) / 00:00:01:000 para Root(00)
Mensaje * / 00:00:03:010 / Root(00) para top(01)
Mensaje * / 00:00:03:010 / top(01) para connector(02)
Mensaje Y / 00:00:03:010 / connector(02) / out_connect / 3101200000000.00000 para top(01)
Mensaje D / 00:00:03:010 / connector(02) / 00:00:01:000 para top(01)
Mensaje Y / 00:00:03:010 / top(01) / out_connect / 3101200000000.00000 para Root(00)
Mensaje D / 00:00:03:010 / top(01) / 00:00:01:000 para Root(00)
Mensaje * / 00:00:04:010 / Root(00) para top(01)
Mensaje * / 00:00:04:010 / top(01) para connector(02)
Mensaje Y / 00:00:04:010 / connector(02) / out_connect / 3102100000000.00000 para top(01)
Mensaje D / 00:00:04:010 / connector(02) / 00:00:01:000 para top(01)
Mensaje Y / 00:00:04:010 / top(01) / out_connect / 3102100000000.00000 para Root(00)
Mensaje D / 00:00:04:010 / top(01) / 00:00:01:000 para Root(00)
Mensaje * / 00:00:05:010 / Root(00) para top(01)
Mensaje * / 00:00:05:010 / top(01) para connector(02)
Mensaje Y / 00:00:05:010 / connector(02) / out_connect / 3132500000000.00000 para top(01)
Mensaje D / 00:00:05:010 / connector(02) / 00:00:01:000 para top(01)
Mensaje Y / 00:00:05:010 / top(01) / out_connect / 3132500000000.00000 para Root(00)
Mensaje D / 00:00:05:010 / top(01) / 00:00:01:000 para Root(00)
Mensaje * / 00:00:06:010 / Root(00) para top(01)
Mensaje * / 00:00:06:010 / top(01) para connector(02)
Mensaje Y / 00:00:06:010 / connector(02) / out_connect / 3154500000000.00000 para top(01)
Mensaje D / 00:00:06:010 / connector(02) / 00:00:01:000 para top(01)
Mensaje Y / 00:00:06:010 / top(01) / out_connect / 3154500000000.00000 para Root(00)
Mensaje D / 00:00:06:010 / top(01) / 00:00:01:000 para Root(00)
Mensaje * / 00:00:07:010 / Root(00) para top(01)
Mensaje * / 00:00:07:010 / top(01) para connector(02)
Mensaje Y / 00:00:07:010 / connector(02) / out_connect / 3190000000000.00000 para top(01)
Mensaje D / 00:00:07:010 / connector(02) / 00:02:00:000 para top(01)
Mensaje Y / 00:00:07:010 / top(01) / out_connect / 3190000000000.00000 para Root(00)
Mensaje D / 00:00:07:010 / top(01) / 00:02:00:000 para Root(00)
Mensaje X / 00:01:25:003 / Root(00) / in_connect / 1008031.00000 para top(01)
Mensaje X / 00:01:25:003 / top(01) / in_connect / 1008031.00000 para connector(02)
Mensaje D / 00:01:25:003 / connector(02) / 00:00:42:007 para top(01)
Mensaje D / 00:01:25:003 / top(01) / 00:00:42:007 para Root(00)
Mensaje X / 00:01:45:000 / Root(00) / in_connect / 1021031.00000 para top(01)
Mensaje X / 00:01:45:000 / top(01) / in_connect / 1021031.00000 para connector(02)
Mensaje D / 00:01:45:000 / connector(02) / 00:00:22:010 para top(01)
Mensaje D / 00:01:45:000 / top(01) / 00:00:22:010 para Root(00)
Mensaje * / 00:02:07:010 / Root(00) para top(01)
Mensaje * / 00:02:07:010 / top(01) para connector(02)
Mensaje Y / 00:02:07:010 / connector(02) / out_connect / 3100800000000.00000 para top(01)
Mensaje D / 00:02:07:010 / connector(02) / 00:00:01:000 para top(01)
Mensaje Y / 00:02:07:010 / top(01) / out_connect / 3100800000000.00000 para Root(00)
Mensaje D / 00:02:07:010 / top(01) / 00:00:01:000 para Root(00)
Mensaje * / 00:02:08:010 / Root(00) para top(01)
Mensaje * / 00:02:08:010 / top(01) para connector(02)
Mensaje Y / 00:02:08:010 / connector(02) / out_connect / 3101200000000.00000 para top(01)
Mensaje D / 00:02:08:010 / connector(02) / 00:00:01:000 para top(01)
Mensaje Y / 00:02:08:010 / top(01) / out_connect / 3101200000000.00000 para Root(00)
Mensaje D / 00:02:08:010 / top(01) / 00:00:01:000 para Root(00)
Mensaje * / 00:02:09:010 / Root(00) para top(01)
Mensaje * / 00:02:09:010 / top(01) para connector(02)
Mensaje Y / 00:02:09:010 / connector(02) / out_connect / 3102100000000.00000 para top(01)
Mensaje D / 00:02:09:010 / connector(02) / 00:00:01:000 para top(01)
Mensaje Y / 00:02:09:010 / top(01) / out_connect / 3102100000000.00000 para Root(00)
Mensaje D / 00:02:09:010 / top(01) / 00:00:01:000 para Root(00)
Mensaje * / 00:02:10:010 / Root(00) para top(01)
Mensaje * / 00:02:10:010 / top(01) para connector(02)
Mensaje Y / 00:02:10:010 / connector(02) / out_connect / 3132500000000.00000 para top(01)
Mensaje D / 00:02:10:010 / connector(02) / 00:00:01:000 para top(01)
Mensaje Y / 00:02:10:010 / top(01) / out_connect / 3132500000000.00000 para Root(00)
Mensaje D / 00:02:10:010 / top(01) / 00:00:01:000 para Root(00)
Mensaje * / 00:02:11:010 / Root(00) para top(01)
Mensaje * / 00:02:11:010 / top(01) para connector(02)
Mensaje Y / 00:02:11:010 / connector(02) / out_connect / 3154500000000.00000 para top(01)
Mensaje D / 00:02:11:010 / connector(02) / 00:00:01:000 para top(01)
Mensaje Y / 00:02:11:010 / top(01) / out_connect / 3154500000000.00000 para Root(00)
Mensaje D / 00:02:11:010 / top(01) / 00:00:01:000 para Root(00)
Mensaje * / 00:02:12:010 / Root(00) para top(01)
Mensaje * / 00:02:12:010 / top(01) para connector(02)
Mensaje Y / 00:02:12:010 / connector(02) / out_connect / 3190000000000.00000 para top(01)
Mensaje D / 00:02:12:010 / connector(02) / 00:02:00:000 para top(01)
Mensaje Y / 00:02:12:010 / top(01) / out_connect / 3190000000000.00000 para Root(00)
Mensaje D / 00:02:12:010 / top(01) / 00:02:00:000 para Root(00)
Mensaje * / 00:04:12:010 / Root(00) para top(01)
Mensaje * / 00:04:12:010 / top(01) para connector(02)
Mensaje Y / 00:04:12:010 / connector(02) / out_connect / 3100800000000.00000 para top(01)
Mensaje D / 00:04:12:010 / connector(02) / 00:00:01:000 para top(01)
Mensaje Y / 00:04:12:010 / top(01) / out_connect / 3100800000000.00000 para Root(00)
Mensaje D / 00:04:12:010 / top(01) / 00:00:01:000 para Root(00)
Mensaje * / 00:04:13:010 / Root(00) para top(01)
Mensaje * / 00:04:13:010 / top(01) para connector(02)
Mensaje Y / 00:04:13:010 / connector(02) / out_connect / 3101200000000.00000 para top(01)
Mensaje D / 00:04:13:010 / connector(02) / 00:00:01:000 para top(01)
Mensaje Y / 00:04:13:010 / top(01) / out_connect / 3101200000000.00000 para Root(00)
Mensaje D / 00:04:13:010 / top(01) / 00:00:01:000 para Root(00)
Mensaje * / 00:04:14:010 / Root(00) para top(01)
Mensaje * / 00:04:14:010 / top(01) para connector(02)
Mensaje Y / 00:04:14:010 / connector(02) / out_connect / 3102100000000.00000 para top(01)
Mensaje D / 00:04:14:010 / connector(02) / 00:00:01:000 para top(01)
Mensaje Y / 00:04:14:010 / top(01) / out_connect / 3102100000000.00000 para Root(00)
Mensaje D / 00:04:14:010 / top(01) / 00:00:01:000 para Root(00)
Mensaje * / 00:04:15:010 / Root(00) para top(01)
Mensaje * / 00:04:15:010 / top(01) para connector(02)
Mensaje Y / 00:04:15:010 / connector(02) / out_connect / 3132500000000.00000 para top(01)
Mensaje D / 00:04:15:010 / connector(02) / 00:00:01:000 para top(01)
Mensaje Y / 00:04:15:010 / top(01) / out_connect / 3132500000000.00000 para Root(00)
Mensaje D / 00:04:15:010 / top(01) / 00:00:01:000 para Root(00)
Mensaje * / 00:04:16:010 / Root(00) para top(01)
Mensaje * / 00:04:16:010 / top(01) para connector(02)
Mensaje Y / 00:04:16:010 / connector(02) / out_connect / 3154500000000.00000 para top(01)
Mensaje D / 00:04:16:010 / connector(02) / 00:00:01:000 para top(01)
Mensaje Y / 00:04:16:010 / top(01) / out_connect / 3154500000000.00000 para Root(00)
Mensaje D / 00:04:16:010 / top(01) / 00:00:01:000 para Root(00)
Mensaje * / 00:04:17:010 / Root(00) para top(01)
Mensaje * / 00:04:17:010 / top(01) para connector(02)
Mensaje Y / 00:04:17:010 / connector(02) / out_connect / 3190000000000.00000 para top(01)
Mensaje D / 00:04:17:010 / connector(02) / 00:02:00:000 para top(01)
Mensaje Y / 00:04:17:010 / top(01) / out_connect / 3190000000000.00000 para Root(00)
Mensaje D / 00:04:17:010 / top(01) / 00:02:00:000 para Root(00)
Mensaje X / 00:05:00:007 / Root(00) / in_connect /   8031.00000 para top(01)
Mensaje X / 00:05:00:007 / top(01) / in_connect /   8031.00000 para connector(02)
Mensaje D / 00:05:00:007 / connector(02) / 00:01:17:003 para top(01)
Mensaje D / 00:05:00:007 / top(01) / 00:01:17:003 para Root(00)
Mensaje X / 00:05:45:000 / Root(00) / in_connect / 1900031.00000 para top(01)
Mensaje X / 00:05:45:000 / top(01) / in_connect / 1900031.00000 para connector(02)
Mensaje D / 00:05:45:000 / connector(02) / 00:00:32:010 para top(01)
Mensaje D / 00:05:45:000 / top(01) / 00:00:32:010 para Root(00)
Mensaje X / 00:05:45:000 / Root(00) / in_connect / 1325031.00000 para top(01)
Mensaje X / 00:05:45:000 / top(01) / in_connect / 1325031.00000 para connector(02)
Mensaje D / 00:05:45:000 / connector(02) / 00:00:32:010 para top(01)
Mensaje D / 00:05:45:000 / top(01) / 00:00:32:010 para Root(00)
Mensaje X / 00:06:02:000 / Root(00) / in_offline /     31.00000 para top(01)
Mensaje X / 00:06:02:000 / top(01) / in_offline /     31.00000 para connector(02)
Mensaje D / 00:06:02:000 / connector(02) / 00:00:00:000 para top(01)
Mensaje D / 00:06:02:000 / top(01) / 00:00:00:000 para Root(00)
Mensaje * / 00:06:02:000 / Root(00) para top(01)
Mensaje * / 00:06:02:000 / top(01) para connector(02)
Mensaje Y / 00:06:02:000 / connector(02) / out_disconnect / 3100000000000.00000 para top(01)
Mensaje D / 00:06:02:000 / connector(02) / 00:00:01:000 para top(01)
Mensaje Y / 00:06:02:000 / top(01) / out_disconnect / 3100000000000.00000 para Root(00)
Mensaje D / 00:06:02:000 / top(01) / 00:00:01:000 para Root(00)
Mensaje * / 00:06:03:000 / Root(00) para top(01)
Mensaje * / 00:06:03:000 / top(01) para connector(02)
Mensaje Y / 00:06:03:000 / connector(02) / out_offline /     31.00000 para top(01)
Mensaje D / 00:06:03:000 / connector(02) / ... para top(01)
Mensaje Y / 00:06:03:000 / top(01) / out_offline /     31.00000 para Root(00)
Mensaje D / 00:06:03:000 / top(01) / ... para Root(00)
