Mensaje I / 00:00:00:000 / Root(00) para top(01)
Mensaje I / 00:00:00:000 / top(01) para db(02)
Mensaje D / 00:00:00:000 / db(02) / ... para top(01)
Mensaje D / 00:00:00:000 / top(01) / ... para Root(00)
Mensaje X / 00:00:01:000 / Root(00) / query_in / 1088.000000000 para top(01)
Mensaje X / 00:00:01:000 / top(01) / query_in / 1088.000000000 para db(02)
Mensaje D / 00:00:01:000 / db(02) / 00:00:00:002 para top(01)
Mensaje D / 00:00:01:000 / top(01) / 00:00:00:002 para Root(00)
Mensaje * / 00:00:01:002 / Root(00) para top(01)
Mensaje * / 00:00:01:002 / top(01) para db(02)
Mensaje Y / 00:00:01:002 / db(02) / queryhit / 1088004.000000000 para top(01)
Mensaje Y / 00:00:01:002 / db(02) / queryhit / 1088004.000000000 para top(01)
Mensaje D / 00:00:01:002 / db(02) / 00:00:00:002 para top(01)
Mensaje Y / 00:00:01:002 / top(01) / queryhit / 1088004.000000000 para Root(00)
Mensaje Y / 00:00:01:002 / top(01) / queryhit / 1088004.000000000 para Root(00)
Mensaje D / 00:00:01:002 / top(01) / 00:00:00:002 para Root(00)
Mensaje * / 00:00:01:004 / Root(00) para top(01)
Mensaje * / 00:00:01:004 / top(01) para db(02)
Mensaje Y / 00:00:01:004 / db(02) / queryhit / 88005.000000000 para top(01)
Mensaje Y / 00:00:01:004 / db(02) / queryhit / 88005.000000000 para top(01)
Mensaje D / 00:00:01:004 / db(02) / ... para top(01)
Mensaje Y / 00:00:01:004 / top(01) / queryhit / 88005.000000000 para Root(00)
Mensaje Y / 00:00:01:004 / top(01) / queryhit / 88005.000000000 para Root(00)
Mensaje D / 00:00:01:004 / top(01) / ... para Root(00)
