Mensaje I / 00:00:00:000 / Root(00) para top(01)
Mensaje I / 00:00:00:000 / top(01) para db(02)
Mensaje D / 00:00:00:000 / db(02) / ... para top(01)
Mensaje D / 00:00:00:000 / top(01) / ... para Root(00)
Mensaje X / 00:00:01:000 / Root(00) / publish / 1012.000000000 para top(01)
Mensaje X / 00:00:01:000 / top(01) / publish / 1012.000000000 para db(02)
Mensaje D / 00:00:01:000 / db(02) / 00:00:00:002 para top(01)
Mensaje D / 00:00:01:000 / top(01) / 00:00:00:002 para Root(00)
Mensaje * / 00:00:01:002 / Root(00) para top(01)
Mensaje * / 00:00:01:002 / top(01) para db(02)
Mensaje D / 00:00:01:002 / db(02) / ... para top(01)
Mensaje D / 00:00:01:002 / top(01) / ... para Root(00)
Mensaje X / 00:00:02:000 / Root(00) / publish / 1013.000000000 para top(01)
Mensaje X / 00:00:02:000 / top(01) / publish / 1013.000000000 para db(02)
Mensaje D / 00:00:02:000 / db(02) / 00:00:00:002 para top(01)
Mensaje D / 00:00:02:000 / top(01) / 00:00:00:002 para Root(00)
Mensaje * / 00:00:02:002 / Root(00) para top(01)
Mensaje * / 00:00:02:002 / top(01) para db(02)
Mensaje D / 00:00:02:002 / db(02) / ... para top(01)
Mensaje D / 00:00:02:002 / top(01) / ... para Root(00)
Mensaje X / 00:00:03:000 / Root(00) / publish / 1014.000000000 para top(01)
Mensaje X / 00:00:03:000 / top(01) / publish / 1014.000000000 para db(02)
Mensaje D / 00:00:03:000 / db(02) / 00:00:00:002 para top(01)
Mensaje D / 00:00:03:000 / top(01) / 00:00:00:002 para Root(00)
Mensaje * / 00:00:03:002 / Root(00) para top(01)
Mensaje * / 00:00:03:002 / top(01) para db(02)
Mensaje D / 00:00:03:002 / db(02) / ... para top(01)
Mensaje D / 00:00:03:002 / top(01) / ... para Root(00)
Mensaje X / 00:00:04:000 / Root(00) / publish / 1015.000000000 para top(01)
Mensaje X / 00:00:04:000 / top(01) / publish / 1015.000000000 para db(02)
Mensaje D / 00:00:04:000 / db(02) / 00:00:00:002 para top(01)
Mensaje D / 00:00:04:000 / top(01) / 00:00:00:002 para Root(00)
Mensaje * / 00:00:04:002 / Root(00) para top(01)
Mensaje * / 00:00:04:002 / top(01) para db(02)
Mensaje D / 00:00:04:002 / db(02) / ... para top(01)
Mensaje D / 00:00:04:002 / top(01) / ... para Root(00)
Mensaje X / 00:00:05:000 / Root(00) / publish / 2017.000000000 para top(01)
Mensaje X / 00:00:05:000 / top(01) / publish / 2017.000000000 para db(02)
Mensaje D / 00:00:05:000 / db(02) / 00:00:00:002 para top(01)
Mensaje D / 00:00:05:000 / top(01) / 00:00:00:002 para Root(00)
Mensaje * / 00:00:05:002 / Root(00) para top(01)
Mensaje * / 00:00:05:002 / top(01) para db(02)
Mensaje D / 00:00:05:002 / db(02) / ... para top(01)
Mensaje D / 00:00:05:002 / top(01) / ... para Root(00)
Mensaje X / 00:00:06:000 / Root(00) / publish / 2016.000000000 para top(01)
Mensaje X / 00:00:06:000 / top(01) / publish / 2016.000000000 para db(02)
Mensaje D / 00:00:06:000 / db(02) / 00:00:00:002 para top(01)
Mensaje D / 00:00:06:000 / top(01) / 00:00:00:002 para Root(00)
Mensaje * / 00:00:06:002 / Root(00) para top(01)
Mensaje * / 00:00:06:002 / top(01) para db(02)
Mensaje D / 00:00:06:002 / db(02) / ... para top(01)
Mensaje D / 00:00:06:002 / top(01) / ... para Root(00)
Mensaje X / 00:00:07:000 / Root(00) / publish / 2010.000000000 para top(01)
Mensaje X / 00:00:07:000 / top(01) / publish / 2010.000000000 para db(02)
Mensaje D / 00:00:07:000 / db(02) / 00:00:00:002 para top(01)
Mensaje D / 00:00:07:000 / top(01) / 00:00:00:002 para Root(00)
Mensaje * / 00:00:07:002 / Root(00) para top(01)
Mensaje * / 00:00:07:002 / top(01) para db(02)
Mensaje D / 00:00:07:002 / db(02) / ... para top(01)
Mensaje D / 00:00:07:002 / top(01) / ... para Root(00)
Mensaje X / 00:00:08:000 / Root(00) / query_in / 2066.000000000 para top(01)
Mensaje X / 00:00:08:000 / top(01) / query_in / 2066.000000000 para db(02)
Mensaje D / 00:00:08:000 / db(02) / 00:00:00:002 para top(01)
Mensaje D / 00:00:08:000 / top(01) / 00:00:00:002 para Root(00)
Mensaje * / 00:00:08:002 / Root(00) para top(01)
Mensaje * / 00:00:08:002 / top(01) para db(02)
Mensaje D / 00:00:08:002 / db(02) / ... para top(01)
Mensaje D / 00:00:08:002 / top(01) / ... para Root(00)
Mensaje X / 00:00:09:000 / Root(00) / peer_in / 1066.000000000 para top(01)
Mensaje X / 00:00:09:000 / top(01) / peer_in / 1066.000000000 para db(02)
Mensaje D / 00:00:09:000 / db(02) / 00:00:00:002 para top(01)
Mensaje D / 00:00:09:000 / top(01) / 00:00:00:002 para Root(00)
Mensaje * / 00:00:09:002 / Root(00) para top(01)
Mensaje * / 00:00:09:002 / top(01) para db(02)
Mensaje Y / 00:00:09:002 / db(02) / queryhit / 1012066.000000000 para top(01)
Mensaje D / 00:00:09:002 / db(02) / 00:00:00:002 para top(01)
Mensaje Y / 00:00:09:002 / top(01) / queryhit / 1012066.000000000 para Root(00)
Mensaje D / 00:00:09:002 / top(01) / 00:00:00:002 para Root(00)
Mensaje * / 00:00:09:004 / Root(00) para top(01)
Mensaje * / 00:00:09:004 / top(01) para db(02)
Mensaje Y / 00:00:09:004 / db(02) / queryhit / 1013066.000000000 para top(01)
Mensaje D / 00:00:09:004 / db(02) / 00:00:00:002 para top(01)
Mensaje Y / 00:00:09:004 / top(01) / queryhit / 1013066.000000000 para Root(00)
Mensaje D / 00:00:09:004 / top(01) / 00:00:00:002 para Root(00)
Mensaje * / 00:00:09:006 / Root(00) para top(01)
Mensaje * / 00:00:09:006 / top(01) para db(02)
Mensaje Y / 00:00:09:006 / db(02) / queryhit / 1014066.000000000 para top(01)
Mensaje D / 00:00:09:006 / db(02) / ... para top(01)
Mensaje Y / 00:00:09:006 / top(01) / queryhit / 1014066.000000000 para Root(00)
Mensaje D / 00:00:09:006 / top(01) / ... para Root(00)
Mensaje X / 00:00:10:000 / Root(00) / query_in / 6088.000000000 para top(01)
Mensaje X / 00:00:10:000 / top(01) / query_in / 6088.000000000 para db(02)
Mensaje D / 00:00:10:000 / db(02) / 00:00:00:002 para top(01)
Mensaje D / 00:00:10:000 / top(01) / 00:00:00:002 para Root(00)
Mensaje * / 00:00:10:002 / Root(00) para top(01)
Mensaje * / 00:00:10:002 / top(01) para db(02)
Mensaje D / 00:00:10:002 / db(02) / ... para top(01)
Mensaje D / 00:00:10:002 / top(01) / ... para Root(00)
Mensaje X / 00:00:18:000 / Root(00) / peer_in / 1088.000000000 para top(01)
Mensaje X / 00:00:18:000 / top(01) / peer_in / 1088.000000000 para db(02)
Mensaje D / 00:00:18:000 / db(02) / 00:00:00:002 para top(01)
Mensaje D / 00:00:18:000 / top(01) / 00:00:00:002 para Root(00)
Mensaje * / 00:00:18:002 / Root(00) para top(01)
Mensaje * / 00:00:18:002 / top(01) para db(02)
Mensaje D / 00:00:18:002 / db(02) / ... para top(01)
Mensaje D / 00:00:18:002 / top(01) / ... para Root(00)
Mensaje X / 00:00:19:000 / Root(00) / peer_in / 2088.000000000 para top(01)
Mensaje X / 00:00:19:000 / top(01) / peer_in / 2088.000000000 para db(02)
Mensaje D / 00:00:19:000 / db(02) / 00:00:00:002 para top(01)
Mensaje D / 00:00:19:000 / top(01) / 00:00:00:002 para Root(00)
Mensaje * / 00:00:19:002 / Root(00) para top(01)
Mensaje * / 00:00:19:002 / top(01) para db(02)
Mensaje Y / 00:00:19:002 / db(02) / queryhit / 2016088.000000000 para top(01)
Mensaje D / 00:00:19:002 / db(02) / 00:00:00:002 para top(01)
Mensaje Y / 00:00:19:002 / top(01) / queryhit / 2016088.000000000 para Root(00)
Mensaje D / 00:00:19:002 / top(01) / 00:00:00:002 para Root(00)
Mensaje * / 00:00:19:004 / Root(00) para top(01)
Mensaje * / 00:00:19:004 / top(01) para db(02)
Mensaje Y / 00:00:19:004 / db(02) / queryhit / 2017088.000000000 para top(01)
Mensaje D / 00:00:19:004 / db(02) / ... para top(01)
Mensaje Y / 00:00:19:004 / top(01) / queryhit / 2017088.000000000 para Root(00)
Mensaje D / 00:00:19:004 / top(01) / ... para Root(00)
