Mensaje I / 00:00:00:000 / Root(00) para top(01)
Mensaje I / 00:00:00:000 / top(01) para demux(02)
Mensaje D / 00:00:00:000 / demux(02) / ... para top(01)
Mensaje D / 00:00:00:000 / top(01) / ... para Root(00)
Mensaje X / 00:00:10:000 / Root(00) / table_in /    112.00000 para top(01)
Mensaje X / 00:00:10:000 / top(01) / table_in /    112.00000 para demux(02)
Mensaje D / 00:00:10:000 / demux(02) / 00:00:00:000 para top(01)
Mensaje D / 00:00:10:000 / top(01) / 00:00:00:000 para Root(00)
Mensaje * / 00:00:10:000 / Root(00) para top(01)
Mensaje * / 00:00:10:000 / top(01) para demux(02)
Mensaje D / 00:00:10:000 / demux(02) / ... para top(01)
Mensaje D / 00:00:10:000 / top(01) / ... para Root(00)
Mensaje X / 00:00:15:000 / Root(00) / msg_in /   7712.00000 para top(01)
Mensaje X / 00:00:15:000 / top(01) / msg_in /   7712.00000 para demux(02)
Mensaje D / 00:00:15:000 / demux(02) / 00:00:00:000 para top(01)
Mensaje D / 00:00:15:000 / top(01) / 00:00:00:000 para Root(00)
Mensaje * / 00:00:15:000 / Root(00) para top(01)
Mensaje * / 00:00:15:000 / top(01) para demux(02)
Mensaje D / 00:00:15:000 / demux(02) / ... para top(01)
Mensaje D / 00:00:15:000 / top(01) / ... para Root(00)
Mensaje X / 00:00:16:000 / Root(00) / msg_in /   9212.00000 para top(01)
Mensaje X / 00:00:16:000 / top(01) / msg_in /   9212.00000 para demux(02)
Mensaje D / 00:00:16:000 / demux(02) / 00:00:00:000 para top(01)
Mensaje D / 00:00:16:000 / top(01) / 00:00:00:000 para Root(00)
Mensaje * / 00:00:16:000 / Root(00) para top(01)
Mensaje * / 00:00:16:000 / top(01) para demux(02)
Mensaje D / 00:00:16:000 / demux(02) / ... para top(01)
Mensaje D / 00:00:16:000 / top(01) / ... para Root(00)
Mensaje X / 00:00:31:000 / Root(00) / table_in /    366.00000 para top(01)
Mensaje X / 00:00:31:000 / top(01) / table_in /    366.00000 para demux(02)
Mensaje D / 00:00:31:000 / demux(02) / 00:00:00:000 para top(01)
Mensaje D / 00:00:31:000 / top(01) / 00:00:00:000 para Root(00)
Mensaje * / 00:00:31:000 / Root(00) para top(01)
Mensaje * / 00:00:31:000 / top(01) para demux(02)
Mensaje D / 00:00:31:000 / demux(02) / ... para top(01)
Mensaje D / 00:00:31:000 / top(01) / ... para Root(00)
Mensaje X / 00:00:31:020 / Root(00) / table_in /    404.00000 para top(01)
Mensaje X / 00:00:31:020 / top(01) / table_in /    404.00000 para demux(02)
Mensaje D / 00:00:31:020 / demux(02) / 00:00:00:000 para top(01)
Mensaje D / 00:00:31:020 / top(01) / 00:00:00:000 para Root(00)
Mensaje * / 00:00:31:020 / Root(00) para top(01)
Mensaje * / 00:00:31:020 / top(01) para demux(02)
Mensaje D / 00:00:31:020 / demux(02) / ... para top(01)
Mensaje D / 00:00:31:020 / top(01) / ... para Root(00)
Mensaje X / 00:00:32:000 / Root(00) / msg_in /   1866.00000 para top(01)
Mensaje X / 00:00:32:000 / top(01) / msg_in /   1866.00000 para demux(02)
Mensaje D / 00:00:32:000 / demux(02) / 00:00:00:000 para top(01)
Mensaje D / 00:00:32:000 / top(01) / 00:00:00:000 para Root(00)
Mensaje * / 00:00:32:000 / Root(00) para top(01)
Mensaje * / 00:00:32:000 / top(01) para demux(02)
Mensaje D / 00:00:32:000 / demux(02) / ... para top(01)
Mensaje D / 00:00:32:000 / top(01) / ... para Root(00)
Mensaje X / 00:00:33:001 / Root(00) / msg_in /   2166.00000 para top(01)
Mensaje X / 00:00:33:001 / top(01) / msg_in /   2166.00000 para demux(02)
Mensaje D / 00:00:33:001 / demux(02) / 00:00:00:000 para top(01)
Mensaje D / 00:00:33:001 / top(01) / 00:00:00:000 para Root(00)
Mensaje * / 00:00:33:001 / Root(00) para top(01)
Mensaje * / 00:00:33:001 / top(01) para demux(02)
Mensaje D / 00:00:33:001 / demux(02) / ... para top(01)
Mensaje D / 00:00:33:001 / top(01) / ... para Root(00)
Mensaje X / 00:00:34:005 / Root(00) / msg_in /   9904.00000 para top(01)
Mensaje X / 00:00:34:005 / top(01) / msg_in /   9904.00000 para demux(02)
Mensaje D / 00:00:34:005 / demux(02) / 00:00:00:000 para top(01)
Mensaje D / 00:00:34:005 / top(01) / 00:00:00:000 para Root(00)
Mensaje * / 00:00:34:005 / Root(00) para top(01)
Mensaje * / 00:00:34:005 / top(01) para demux(02)
Mensaje D / 00:00:34:005 / demux(02) / ... para top(01)
Mensaje D / 00:00:34:005 / top(01) / ... para Root(00)
Mensaje X / 00:00:38:005 / Root(00) / connect_in /  10203.00000 para top(01)
Mensaje X / 00:00:38:005 / top(01) / connect_in /  10203.00000 para demux(02)
Mensaje D / 00:00:38:005 / demux(02) / 00:00:00:000 para top(01)
Mensaje D / 00:00:38:005 / top(01) / 00:00:00:000 para Root(00)
Mensaje * / 00:00:38:005 / Root(00) para top(01)
Mensaje * / 00:00:38:005 / top(01) para demux(02)
Mensaje D / 00:00:38:005 / demux(02) / ... para top(01)
Mensaje D / 00:00:38:005 / top(01) / ... para Root(00)
Mensaje X / 00:00:39:005 / Root(00) / connect_in /    501.00000 para top(01)
Mensaje X / 00:00:39:005 / top(01) / connect_in /    501.00000 para demux(02)
Mensaje D / 00:00:39:005 / demux(02) / 00:00:00:000 para top(01)
Mensaje D / 00:00:39:005 / top(01) / 00:00:00:000 para Root(00)
Mensaje * / 00:00:39:005 / Root(00) para top(01)
Mensaje * / 00:00:39:005 / top(01) para demux(02)
Mensaje D / 00:00:39:005 / demux(02) / ... para top(01)
Mensaje D / 00:00:39:005 / top(01) / ... para Root(00)
