Mensaje I / 00:00:00:000 / Root(00) para top(01)
Mensaje I / 00:00:00:000 / top(01) para demux(02)
Mensaje D / 00:00:00:000 / demux(02) / ... para top(01)
Mensaje D / 00:00:00:000 / top(01) / ... para Root(00)
Mensaje X / 00:00:15:000 / Root(00) / inroute /   7712.00000 para top(01)
Mensaje X / 00:00:15:000 / top(01) / inroute /   7712.00000 para demux(02)
Mensaje D / 00:00:15:000 / demux(02) / 00:00:00:120 para top(01)
Mensaje D / 00:00:15:000 / top(01) / 00:00:00:120 para Root(00)
Mensaje * / 00:00:15:120 / Root(00) para top(01)
Mensaje * / 00:00:15:120 / top(01) para demux(02)
Mensaje Y / 00:00:15:120 / demux(02) / route_out0 /   7712.00000 para top(01)
Mensaje D / 00:00:15:120 / demux(02) / ... para top(01)
Mensaje Y / 00:00:15:120 / top(01) / route_out0 /   7712.00000 para Root(00)
Mensaje D / 00:00:15:120 / top(01) / ... para Root(00)
Mensaje X / 00:00:16:000 / Root(00) / inroute /   9212.00000 para top(01)
Mensaje X / 00:00:16:000 / top(01) / inroute /   9212.00000 para demux(02)
Mensaje D / 00:00:16:000 / demux(02) / 00:00:00:120 para top(01)
Mensaje D / 00:00:16:000 / top(01) / 00:00:00:120 para Root(00)
Mensaje * / 00:00:16:120 / Root(00) para top(01)
Mensaje * / 00:00:16:120 / top(01) para demux(02)
Mensaje Y / 00:00:16:120 / demux(02) / route_out0 /   9212.00000 para top(01)
Mensaje D / 00:00:16:120 / demux(02) / ... para top(01)
Mensaje Y / 00:00:16:120 / top(01) / route_out0 /   9212.00000 para Root(00)
Mensaje D / 00:00:16:120 / top(01) / ... para Root(00)
Mensaje X / 00:00:32:000 / Root(00) / inroute /   1866.00000 para top(01)
Mensaje X / 00:00:32:000 / top(01) / inroute /   1866.00000 para demux(02)
Mensaje D / 00:00:32:000 / demux(02) / 00:00:00:120 para top(01)
Mensaje D / 00:00:32:000 / top(01) / 00:00:00:120 para Root(00)
Mensaje * / 00:00:32:120 / Root(00) para top(01)
Mensaje * / 00:00:32:120 / top(01) para demux(02)
Mensaje Y / 00:00:32:120 / demux(02) / route_out0 /   1866.00000 para top(01)
Mensaje D / 00:00:32:120 / demux(02) / ... para top(01)
Mensaje Y / 00:00:32:120 / top(01) / route_out0 /   1866.00000 para Root(00)
Mensaje D / 00:00:32:120 / top(01) / ... para Root(00)
Mensaje X / 00:00:33:001 / Root(00) / inroute /   2166.00000 para top(01)
Mensaje X / 00:00:33:001 / top(01) / inroute /   2166.00000 para demux(02)
Mensaje D / 00:00:33:001 / demux(02) / 00:00:00:120 para top(01)
Mensaje D / 00:00:33:001 / top(01) / 00:00:00:120 para Root(00)
Mensaje * / 00:00:33:121 / Root(00) para top(01)
Mensaje * / 00:00:33:121 / top(01) para demux(02)
Mensaje Y / 00:00:33:121 / demux(02) / route_out0 /   2166.00000 para top(01)
Mensaje D / 00:00:33:121 / demux(02) / ... para top(01)
Mensaje Y / 00:00:33:121 / top(01) / route_out0 /   2166.00000 para Root(00)
Mensaje D / 00:00:33:121 / top(01) / ... para Root(00)
Mensaje X / 00:00:34:005 / Root(00) / inroute /   9904.00000 para top(01)
Mensaje X / 00:00:34:005 / top(01) / inroute /   9904.00000 para demux(02)
Mensaje D / 00:00:34:005 / demux(02) / 00:00:00:120 para top(01)
Mensaje D / 00:00:34:005 / top(01) / 00:00:00:120 para Root(00)
Mensaje * / 00:00:34:125 / Root(00) para top(01)
Mensaje * / 00:00:34:125 / top(01) para demux(02)
Mensaje Y / 00:00:34:125 / demux(02) / route_out0 /   9904.00000 para top(01)
Mensaje D / 00:00:34:125 / demux(02) / ... para top(01)
Mensaje Y / 00:00:34:125 / top(01) / route_out0 /   9904.00000 para Root(00)
Mensaje D / 00:00:34:125 / top(01) / ... para Root(00)
