Mensaje I / 00:00:00:000 / Root(00) para top(01)
Mensaje I / 00:00:00:000 / top(01) para lts(02)
Mensaje D / 00:00:00:000 / lts(02) / ... para top(01)
Mensaje D / 00:00:00:000 / top(01) / ... para Root(00)
Mensaje X / 00:00:00:001 / Root(00) / peer_online /      2.00000 para top(01)
Mensaje X / 00:00:00:001 / top(01) / peer_online /      2.00000 para lts(02)
Mensaje D / 00:00:00:001 / lts(02) / 00:00:00:000 para top(01)
Mensaje D / 00:00:00:001 / top(01) / 00:00:00:000 para Root(00)
Mensaje * / 00:00:00:001 / Root(00) para top(01)
Mensaje * / 00:00:00:001 / top(01) para lts(02)
Mensaje D / 00:00:00:001 / lts(02) / ... para top(01)
Mensaje D / 00:00:00:001 / top(01) / ... para Root(00)
Mensaje X / 00:00:00:002 / Root(00) / peer_online /      1.00000 para top(01)
Mensaje X / 00:00:00:002 / top(01) / peer_online /      1.00000 para lts(02)
Mensaje D / 00:00:00:002 / lts(02) / 00:00:00:000 para top(01)
Mensaje D / 00:00:00:002 / top(01) / 00:00:00:000 para Root(00)
Mensaje * / 00:00:00:002 / Root(00) para top(01)
Mensaje * / 00:00:00:002 / top(01) para lts(02)
Mensaje D / 00:00:00:002 / lts(02) / ... para top(01)
Mensaje D / 00:00:00:002 / top(01) / ... para Root(00)
Mensaje X / 00:00:00:003 / Root(00) / connect_in / 200100003840.00000 para top(01)
Mensaje X / 00:00:00:003 / top(01) / connect_in / 200100003840.00000 para lts(02)
Mensaje D / 00:00:00:003 / lts(02) / 00:00:00:029 para top(01)
Mensaje D / 00:00:00:003 / top(01) / 00:00:00:029 para Root(00)
Mensaje * / 00:00:00:032 / Root(00) para top(01)
Mensaje * / 00:00:00:032 / top(01) para lts(02)
Mensaje Y / 00:00:00:032 / lts(02) / c_out1 / 100200100000000.00000 para top(01)
Mensaje D / 00:00:00:032 / lts(02) / ... para top(01)
Mensaje Y / 00:00:00:032 / top(01) / c_out1 / 100200100000000.00000 para Root(00)
Mensaje D / 00:00:00:032 / top(01) / ... para Root(00)
