Mensaje I / 00:00:00:000 / Root(00) para top(01)
Mensaje I / 00:00:00:000 / top(01) para gnutella(02)
Mensaje D / 00:00:00:000 / gnutella(02) / ... para top(01)
Mensaje D / 00:00:00:000 / top(01) / ... para Root(00)
Mensaje X / 00:00:01:000 / Root(00) / connections / 100000025542656.00000 para top(01)
Mensaje X / 00:00:01:000 / top(01) / connections / 100000025542656.00000 para gnutella(02)
Mensaje D / 00:00:01:000 / gnutella(02) / 00:00:00:000 para top(01)
Mensaje D / 00:00:01:000 / top(01) / 00:00:00:000 para Root(00)
Mensaje * / 00:00:01:000 / Root(00) para top(01)
Mensaje * / 00:00:01:000 / top(01) para gnutella(02)
Mensaje D / 00:00:01:000 / gnutella(02) / ... para top(01)
Mensaje D / 00:00:01:000 / top(01) / ... para Root(00)
Mensaje X / 00:00:02:000 / Root(00) / connections / 100000033931264.00000 para top(01)
Mensaje X / 00:00:02:000 / top(01) / connections / 100000033931264.00000 para gnutella(02)
Mensaje D / 00:00:02:000 / gnutella(02) / 00:00:00:000 para top(01)
Mensaje D / 00:00:02:000 / top(01) / 00:00:00:000 para Root(00)
Mensaje * / 00:00:02:000 / Root(00) para top(01)
Mensaje * / 00:00:02:000 / top(01) para gnutella(02)
Mensaje D / 00:00:02:000 / gnutella(02) / ... para top(01)
Mensaje D / 00:00:02:000 / top(01) / ... para Root(00)
Mensaje X / 00:00:03:000 / Root(00) / connections / 100000008765440.00000 para top(01)
Mensaje X / 00:00:03:000 / top(01) / connections / 100000008765440.00000 para gnutella(02)
Mensaje D / 00:00:03:000 / gnutella(02) / 00:00:00:000 para top(01)
Mensaje D / 00:00:03:000 / top(01) / 00:00:00:000 para Root(00)
Mensaje * / 00:00:03:000 / Root(00) para top(01)
Mensaje * / 00:00:03:000 / top(01) para gnutella(02)
Mensaje D / 00:00:03:000 / gnutella(02) / ... para top(01)
Mensaje D / 00:00:03:000 / top(01) / ... para Root(00)
Mensaje X / 00:00:04:000 / Root(00) / connections / 100000042319872.00000 para top(01)
Mensaje X / 00:00:04:000 / top(01) / connections / 100000042319872.00000 para gnutella(02)
Mensaje D / 00:00:04:000 / gnutella(02) / 00:00:00:000 para top(01)
Mensaje D / 00:00:04:000 / top(01) / 00:00:00:000 para Root(00)
Mensaje * / 00:00:04:000 / Root(00) para top(01)
Mensaje * / 00:00:04:000 / top(01) para gnutella(02)
Mensaje D / 00:00:04:000 / gnutella(02) / ... para top(01)
Mensaje D / 00:00:04:000 / top(01) / ... para Root(00)
Mensaje X / 00:00:05:000 / Root(00) / connections / 100000000376832.00000 para top(01)
Mensaje X / 00:00:05:000 / top(01) / connections / 100000000376832.00000 para gnutella(02)
Mensaje D / 00:00:05:000 / gnutella(02) / 00:00:00:000 para top(01)
Mensaje D / 00:00:05:000 / top(01) / 00:00:00:000 para Root(00)
Mensaje * / 00:00:05:000 / Root(00) para top(01)
Mensaje * / 00:00:05:000 / top(01) para gnutella(02)
Mensaje D / 00:00:05:000 / gnutella(02) / ... para top(01)
Mensaje D / 00:00:05:000 / top(01) / ... para Root(00)
Mensaje X / 00:00:06:000 / Root(00) / connections / 100000067485696.00000 para top(01)
Mensaje X / 00:00:06:000 / top(01) / connections / 100000067485696.00000 para gnutella(02)
Mensaje D / 00:00:06:000 / gnutella(02) / 00:00:00:000 para top(01)
Mensaje D / 00:00:06:000 / top(01) / 00:00:00:000 para Root(00)
Mensaje * / 00:00:06:000 / Root(00) para top(01)
Mensaje * / 00:00:06:000 / top(01) para gnutella(02)
Mensaje D / 00:00:06:000 / gnutella(02) / ... para top(01)
Mensaje D / 00:00:06:000 / top(01) / ... para Root(00)
Mensaje X / 00:00:07:000 / Root(00) / connections / 100000075874304.00000 para top(01)
Mensaje X / 00:00:07:000 / top(01) / connections / 100000075874304.00000 para gnutella(02)
Mensaje D / 00:00:07:000 / gnutella(02) / 00:00:00:000 para top(01)
Mensaje D / 00:00:07:000 / top(01) / 00:00:00:000 para Root(00)
Mensaje * / 00:00:07:000 / Root(00) para top(01)
Mensaje * / 00:00:07:000 / top(01) para gnutella(02)
Mensaje D / 00:00:07:000 / gnutella(02) / ... para top(01)
Mensaje D / 00:00:07:000 / top(01) / ... para Root(00)
Mensaje X / 00:00:08:000 / Root(00) / query / 100000201703424.00000 para top(01)
Mensaje X / 00:00:08:000 / top(01) / query / 100000201703424.00000 para gnutella(02)
Mensaje D / 00:00:08:000 / gnutella(02) / 00:00:00:000 para top(01)
Mensaje D / 00:00:08:000 / top(01) / 00:00:00:000 para Root(00)
Mensaje * / 00:00:08:000 / Root(00) para top(01)
Mensaje * / 00:00:08:000 / top(01) para gnutella(02)
Mensaje Y / 00:00:08:000 / gnutella(02) / q_out / 200301703424.00000 para top(01)
Mensaje D / 00:00:08:000 / gnutella(02) / 00:00:00:002 para top(01)
Mensaje Y / 00:00:08:000 / top(01) / q_out / 200301703424.00000 para Root(00)
Mensaje D / 00:00:08:000 / top(01) / 00:00:00:002 para Root(00)
Mensaje * / 00:00:08:002 / Root(00) para top(01)
Mensaje * / 00:00:08:002 / top(01) para gnutella(02)
Mensaje Y / 00:00:08:002 / gnutella(02) / q_out / 208701703424.00000 para top(01)
Mensaje D / 00:00:08:002 / gnutella(02) / 00:00:00:002 para top(01)
Mensaje Y / 00:00:08:002 / top(01) / q_out / 208701703424.00000 para Root(00)
Mensaje D / 00:00:08:002 / top(01) / 00:00:00:002 para Root(00)
Mensaje * / 00:00:08:004 / Root(00) para top(01)
Mensaje * / 00:00:08:004 / top(01) para gnutella(02)
Mensaje Y / 00:00:08:004 / gnutella(02) / q_out / 225501703424.00000 para top(01)
Mensaje D / 00:00:08:004 / gnutella(02) / 00:00:00:002 para top(01)
Mensaje Y / 00:00:08:004 / top(01) / q_out / 225501703424.00000 para Root(00)
Mensaje D / 00:00:08:004 / top(01) / 00:00:00:002 para Root(00)
Mensaje * / 00:00:08:006 / Root(00) para top(01)
Mensaje * / 00:00:08:006 / top(01) para gnutella(02)
Mensaje Y / 00:00:08:006 / gnutella(02) / q_out / 233901703424.00000 para top(01)
Mensaje D / 00:00:08:006 / gnutella(02) / 00:00:00:002 para top(01)
Mensaje Y / 00:00:08:006 / top(01) / q_out / 233901703424.00000 para Root(00)
Mensaje D / 00:00:08:006 / top(01) / 00:00:00:002 para Root(00)
Mensaje * / 00:00:08:008 / Root(00) para top(01)
Mensaje * / 00:00:08:008 / top(01) para gnutella(02)
Mensaje Y / 00:00:08:008 / gnutella(02) / q_out / 242301703424.00000 para top(01)
Mensaje D / 00:00:08:008 / gnutella(02) / 00:00:00:002 para top(01)
Mensaje Y / 00:00:08:008 / top(01) / q_out / 242301703424.00000 para Root(00)
Mensaje D / 00:00:08:008 / top(01) / 00:00:00:002 para Root(00)
Mensaje * / 00:00:08:010 / Root(00) para top(01)
Mensaje * / 00:00:08:010 / top(01) para gnutella(02)
Mensaje Y / 00:00:08:010 / gnutella(02) / q_out / 267401703424.00000 para top(01)
Mensaje D / 00:00:08:010 / gnutella(02) / 00:00:00:002 para top(01)
Mensaje Y / 00:00:08:010 / top(01) / q_out / 267401703424.00000 para Root(00)
Mensaje D / 00:00:08:010 / top(01) / 00:00:00:002 para Root(00)
Mensaje * / 00:00:08:012 / Root(00) para top(01)
Mensaje * / 00:00:08:012 / top(01) para gnutella(02)
Mensaje Y / 00:00:08:012 / gnutella(02) / q_out / 275801703424.00000 para top(01)
Mensaje D / 00:00:08:012 / gnutella(02) / ... para top(01)
Mensaje Y / 00:00:08:012 / top(01) / q_out / 275801703424.00000 para Root(00)
Mensaje D / 00:00:08:012 / top(01) / ... para Root(00)
Mensaje X / 00:00:09:000 / Root(00) / query / 200000302743552.00000 para top(01)
Mensaje X / 00:00:09:000 / top(01) / query / 200000302743552.00000 para gnutella(02)
Mensaje D / 00:00:09:000 / gnutella(02) / 00:00:00:000 para top(01)
Mensaje D / 00:00:09:000 / top(01) / 00:00:00:000 para Root(00)
Mensaje * / 00:00:09:000 / Root(00) para top(01)
Mensaje * / 00:00:09:000 / top(01) para gnutella(02)
Mensaje Y / 00:00:09:000 / gnutella(02) / q_out / 100300302743552.00000 para top(01)
Mensaje D / 00:00:09:000 / gnutella(02) / 00:00:00:002 para top(01)
Mensaje Y / 00:00:09:000 / top(01) / q_out / 100300302743552.00000 para Root(00)
Mensaje D / 00:00:09:000 / top(01) / 00:00:00:002 para Root(00)
Mensaje * / 00:00:09:002 / Root(00) para top(01)
Mensaje * / 00:00:09:002 / top(01) para gnutella(02)
Mensaje Y / 00:00:09:002 / gnutella(02) / q_out / 100308702743552.00000 para top(01)
Mensaje D / 00:00:09:002 / gnutella(02) / 00:00:00:002 para top(01)
Mensaje Y / 00:00:09:002 / top(01) / q_out / 100308702743552.00000 para Root(00)
Mensaje D / 00:00:09:002 / top(01) / 00:00:00:002 para Root(00)
Mensaje * / 00:00:09:004 / Root(00) para top(01)
Mensaje * / 00:00:09:004 / top(01) para gnutella(02)
Mensaje Y / 00:00:09:004 / gnutella(02) / q_out / 100325502743552.00000 para top(01)
Mensaje D / 00:00:09:004 / gnutella(02) / 00:00:00:002 para top(01)
Mensaje Y / 00:00:09:004 / top(01) / q_out / 100325502743552.00000 para Root(00)
Mensaje D / 00:00:09:004 / top(01) / 00:00:00:002 para Root(00)
Mensaje * / 00:00:09:006 / Root(00) para top(01)
Mensaje * / 00:00:09:006 / top(01) para gnutella(02)
Mensaje Y / 00:00:09:006 / gnutella(02) / q_out / 100333902743552.00000 para top(01)
Mensaje D / 00:00:09:006 / gnutella(02) / 00:00:00:002 para top(01)
Mensaje Y / 00:00:09:006 / top(01) / q_out / 100333902743552.00000 para Root(00)
Mensaje D / 00:00:09:006 / top(01) / 00:00:00:002 para Root(00)
Mensaje * / 00:00:09:008 / Root(00) para top(01)
Mensaje * / 00:00:09:008 / top(01) para gnutella(02)
Mensaje Y / 00:00:09:008 / gnutella(02) / q_out / 100342302743552.00000 para top(01)
Mensaje D / 00:00:09:008 / gnutella(02) / 00:00:00:002 para top(01)
Mensaje Y / 00:00:09:008 / top(01) / q_out / 100342302743552.00000 para Root(00)
Mensaje D / 00:00:09:008 / top(01) / 00:00:00:002 para Root(00)
Mensaje * / 00:00:09:010 / Root(00) para top(01)
Mensaje * / 00:00:09:010 / top(01) para gnutella(02)
Mensaje Y / 00:00:09:010 / gnutella(02) / q_out / 100367402743552.00000 para top(01)
Mensaje D / 00:00:09:010 / gnutella(02) / 00:00:00:002 para top(01)
Mensaje Y / 00:00:09:010 / top(01) / q_out / 100367402743552.00000 para Root(00)
Mensaje D / 00:00:09:010 / top(01) / 00:00:00:002 para Root(00)
Mensaje * / 00:00:09:012 / Root(00) para top(01)
Mensaje * / 00:00:09:012 / top(01) para gnutella(02)
Mensaje Y / 00:00:09:012 / gnutella(02) / q_out / 100375802743552.00000 para top(01)
Mensaje D / 00:00:09:012 / gnutella(02) / ... para top(01)
Mensaje Y / 00:00:09:012 / top(01) / q_out / 100375802743552.00000 para Root(00)
Mensaje D / 00:00:09:012 / top(01) / ... para Root(00)
Mensaje X / 00:00:10:000 / Root(00) / query / 300000412172288.00000 para top(01)
Mensaje X / 00:00:10:000 / top(01) / query / 300000412172288.00000 para gnutella(02)
Mensaje D / 00:00:10:000 / gnutella(02) / 00:00:00:000 para top(01)
Mensaje D / 00:00:10:000 / top(01) / 00:00:00:000 para Root(00)
Mensaje * / 00:00:10:000 / Root(00) para top(01)
Mensaje * / 00:00:10:000 / top(01) para gnutella(02)
Mensaje Y / 00:00:10:000 / gnutella(02) / q_out / 200400312172288.00000 para top(01)
Mensaje D / 00:00:10:000 / gnutella(02) / 00:00:00:002 para top(01)
Mensaje Y / 00:00:10:000 / top(01) / q_out / 200400312172288.00000 para Root(00)
Mensaje D / 00:00:10:000 / top(01) / 00:00:00:002 para Root(00)
Mensaje * / 00:00:10:002 / Root(00) para top(01)
Mensaje * / 00:00:10:002 / top(01) para gnutella(02)
Mensaje Y / 00:00:10:002 / gnutella(02) / q_out / 200408712172288.00000 para top(01)
Mensaje D / 00:00:10:002 / gnutella(02) / 00:00:00:002 para top(01)
Mensaje Y / 00:00:10:002 / top(01) / q_out / 200408712172288.00000 para Root(00)
Mensaje D / 00:00:10:002 / top(01) / 00:00:00:002 para Root(00)
Mensaje * / 00:00:10:004 / Root(00) para top(01)
Mensaje * / 00:00:10:004 / top(01) para gnutella(02)
Mensaje Y / 00:00:10:004 / gnutella(02) / q_out / 200425512172288.00000 para top(01)
Mensaje D / 00:00:10:004 / gnutella(02) / 00:00:00:002 para top(01)
Mensaje Y / 00:00:10:004 / top(01) / q_out / 200425512172288.00000 para Root(00)
Mensaje D / 00:00:10:004 / top(01) / 00:00:00:002 para Root(00)
Mensaje * / 00:00:10:006 / Root(00) para top(01)
Mensaje * / 00:00:10:006 / top(01) para gnutella(02)
Mensaje Y / 00:00:10:006 / gnutella(02) / q_out / 200433912172288.00000 para top(01)
Mensaje D / 00:00:10:006 / gnutella(02) / 00:00:00:002 para top(01)
Mensaje Y / 00:00:10:006 / top(01) / q_out / 200433912172288.00000 para Root(00)
Mensaje D / 00:00:10:006 / top(01) / 00:00:00:002 para Root(00)
Mensaje * / 00:00:10:008 / Root(00) para top(01)
Mensaje * / 00:00:10:008 / top(01) para gnutella(02)
Mensaje Y / 00:00:10:008 / gnutella(02) / q_out / 200442312172288.00000 para top(01)
Mensaje D / 00:00:10:008 / gnutella(02) / 00:00:00:002 para top(01)
Mensaje Y / 00:00:10:008 / top(01) / q_out / 200442312172288.00000 para Root(00)
Mensaje D / 00:00:10:008 / top(01) / 00:00:00:002 para Root(00)
Mensaje * / 00:00:10:010 / Root(00) para top(01)
Mensaje * / 00:00:10:010 / top(01) para gnutella(02)
Mensaje Y / 00:00:10:010 / gnutella(02) / q_out / 200467412172288.00000 para top(01)
Mensaje D / 00:00:10:010 / gnutella(02) / 00:00:00:002 para top(01)
Mensaje Y / 00:00:10:010 / top(01) / q_out / 200467412172288.00000 para Root(00)
Mensaje D / 00:00:10:010 / top(01) / 00:00:00:002 para Root(00)
Mensaje * / 00:00:10:012 / Root(00) para top(01)
Mensaje * / 00:00:10:012 / top(01) para gnutella(02)
Mensaje Y / 00:00:10:012 / gnutella(02) / q_out / 200475812172288.00000 para top(01)
Mensaje D / 00:00:10:012 / gnutella(02) / ... para top(01)
Mensaje Y / 00:00:10:012 / top(01) / q_out / 200475812172288.00000 para Root(00)
Mensaje D / 00:00:10:012 / top(01) / ... para Root(00)
Mensaje X / 00:00:11:000 / Root(00) / query / 400000504823808.00000 para top(01)
Mensaje X / 00:00:11:000 / top(01) / query / 400000504823808.00000 para gnutella(02)
Mensaje D / 00:00:11:000 / gnutella(02) / 00:00:00:000 para top(01)
Mensaje D / 00:00:11:000 / top(01) / 00:00:00:000 para Root(00)
Mensaje * / 00:00:11:000 / Root(00) para top(01)
Mensaje * / 00:00:11:000 / top(01) para gnutella(02)
Mensaje Y / 00:00:11:000 / gnutella(02) / q_out / 300500304823808.00000 para top(01)
Mensaje D / 00:00:11:000 / gnutella(02) / 00:00:00:002 para top(01)
Mensaje Y / 00:00:11:000 / top(01) / q_out / 300500304823808.00000 para Root(00)
Mensaje D / 00:00:11:000 / top(01) / 00:00:00:002 para Root(00)
Mensaje * / 00:00:11:002 / Root(00) para top(01)
Mensaje * / 00:00:11:002 / top(01) para gnutella(02)
Mensaje Y / 00:00:11:002 / gnutella(02) / q_out / 300508704823808.00000 para top(01)
Mensaje D / 00:00:11:002 / gnutella(02) / 00:00:00:002 para top(01)
Mensaje Y / 00:00:11:002 / top(01) / q_out / 300508704823808.00000 para Root(00)
Mensaje D / 00:00:11:002 / top(01) / 00:00:00:002 para Root(00)
Mensaje * / 00:00:11:004 / Root(00) para top(01)
Mensaje * / 00:00:11:004 / top(01) para gnutella(02)
Mensaje Y / 00:00:11:004 / gnutella(02) / q_out / 300525504823808.00000 para top(01)
Mensaje D / 00:00:11:004 / gnutella(02) / 00:00:00:002 para top(01)
Mensaje Y / 00:00:11:004 / top(01) / q_out / 300525504823808.00000 para Root(00)
Mensaje D / 00:00:11:004 / top(01) / 00:00:00:002 para Root(00)
Mensaje * / 00:00:11:006 / Root(00) para top(01)
Mensaje * / 00:00:11:006 / top(01) para gnutella(02)
Mensaje Y / 00:00:11:006 / gnutella(02) / q_out / 300533904823808.00000 para top(01)
Mensaje D / 00:00:11:006 / gnutella(02) / 00:00:00:002 para top(01)
Mensaje Y / 00:00:11:006 / top(01) / q_out / 300533904823808.00000 para Root(00)
Mensaje D / 00:00:11:006 / top(01) / 00:00:00:002 para Root(00)
Mensaje * / 00:00:11:008 / Root(00) para top(01)
Mensaje * / 00:00:11:008 / top(01) para gnutella(02)
Mensaje Y / 00:00:11:008 / gnutella(02) / q_out / 300542304823808.00000 para top(01)
Mensaje D / 00:00:11:008 / gnutella(02) / 00:00:00:002 para top(01)
Mensaje Y / 00:00:11:008 / top(01) / q_out / 300542304823808.00000 para Root(00)
Mensaje D / 00:00:11:008 / top(01) / 00:00:00:002 para Root(00)
Mensaje * / 00:00:11:010 / Root(00) para top(01)
Mensaje * / 00:00:11:010 / top(01) para gnutella(02)
Mensaje Y / 00:00:11:010 / gnutella(02) / q_out / 300567404823808.00000 para top(01)
Mensaje D / 00:00:11:010 / gnutella(02) / 00:00:00:002 para top(01)
Mensaje Y / 00:00:11:010 / top(01) / q_out / 300567404823808.00000 para Root(00)
Mensaje D / 00:00:11:010 / top(01) / 00:00:00:002 para Root(00)
Mensaje * / 00:00:11:012 / Root(00) para top(01)
Mensaje * / 00:00:11:012 / top(01) para gnutella(02)
Mensaje Y / 00:00:11:012 / gnutella(02) / q_out / 300575804823808.00000 para top(01)
Mensaje D / 00:00:11:012 / gnutella(02) / ... para top(01)
Mensaje Y / 00:00:11:012 / top(01) / q_out / 300575804823808.00000 para Root(00)
Mensaje D / 00:00:11:012 / top(01) / ... para Root(00)
Mensaje X / 00:00:12:000 / Root(00) / query / 500000597475328.00000 para top(01)
Mensaje X / 00:00:12:000 / top(01) / query / 500000597475328.00000 para gnutella(02)
Mensaje D / 00:00:12:000 / gnutella(02) / 00:00:00:000 para top(01)
Mensaje D / 00:00:12:000 / top(01) / 00:00:00:000 para Root(00)
Mensaje * / 00:00:12:000 / Root(00) para top(01)
Mensaje * / 00:00:12:000 / top(01) para gnutella(02)
Mensaje Y / 00:00:12:000 / gnutella(02) / q_out / 400500397475328.00000 para top(01)
Mensaje D / 00:00:12:000 / gnutella(02) / 00:00:00:002 para top(01)
Mensaje Y / 00:00:12:000 / top(01) / q_out / 400500397475328.00000 para Root(00)
Mensaje D / 00:00:12:000 / top(01) / 00:00:00:002 para Root(00)
Mensaje * / 00:00:12:002 / Root(00) para top(01)
Mensaje * / 00:00:12:002 / top(01) para gnutella(02)
Mensaje Y / 00:00:12:002 / gnutella(02) / q_out / 400508797475328.00000 para top(01)
Mensaje D / 00:00:12:002 / gnutella(02) / 00:00:00:002 para top(01)
Mensaje Y / 00:00:12:002 / top(01) / q_out / 400508797475328.00000 para Root(00)
Mensaje D / 00:00:12:002 / top(01) / 00:00:00:002 para Root(00)
Mensaje * / 00:00:12:004 / Root(00) para top(01)
Mensaje * / 00:00:12:004 / top(01) para gnutella(02)
Mensaje Y / 00:00:12:004 / gnutella(02) / q_out / 400525597475328.00000 para top(01)
Mensaje D / 00:00:12:004 / gnutella(02) / 00:00:00:002 para top(01)
Mensaje Y / 00:00:12:004 / top(01) / q_out / 400525597475328.00000 para Root(00)
Mensaje D / 00:00:12:004 / top(01) / 00:00:00:002 para Root(00)
Mensaje * / 00:00:12:006 / Root(00) para top(01)
Mensaje * / 00:00:12:006 / top(01) para gnutella(02)
Mensaje Y / 00:00:12:006 / gnutella(02) / q_out / 400533997475328.00000 para top(01)
Mensaje D / 00:00:12:006 / gnutella(02) / 00:00:00:002 para top(01)
Mensaje Y / 00:00:12:006 / top(01) / q_out / 400533997475328.00000 para Root(00)
Mensaje D / 00:00:12:006 / top(01) / 00:00:00:002 para Root(00)
Mensaje * / 00:00:12:008 / Root(00) para top(01)
Mensaje * / 00:00:12:008 / top(01) para gnutella(02)
Mensaje Y / 00:00:12:008 / gnutella(02) / q_out / 400542397475328.00000 para top(01)
Mensaje D / 00:00:12:008 / gnutella(02) / 00:00:00:002 para top(01)
Mensaje Y / 00:00:12:008 / top(01) / q_out / 400542397475328.00000 para Root(00)
Mensaje D / 00:00:12:008 / top(01) / 00:00:00:002 para Root(00)
Mensaje * / 00:00:12:010 / Root(00) para top(01)
Mensaje * / 00:00:12:010 / top(01) para gnutella(02)
Mensaje Y / 00:00:12:010 / gnutella(02) / q_out / 400567497475328.00000 para top(01)
Mensaje D / 00:00:12:010 / gnutella(02) / 00:00:00:002 para top(01)
Mensaje Y / 00:00:12:010 / top(01) / q_out / 400567497475328.00000 para Root(00)
Mensaje D / 00:00:12:010 / top(01) / 00:00:00:002 para Root(00)
Mensaje * / 00:00:12:012 / Root(00) para top(01)
Mensaje * / 00:00:12:012 / top(01) para gnutella(02)
Mensaje Y / 00:00:12:012 / gnutella(02) / q_out / 400575897475328.00000 para top(01)
Mensaje D / 00:00:12:012 / gnutella(02) / ... para top(01)
Mensaje Y / 00:00:12:012 / top(01) / q_out / 400575897475328.00000 para Root(00)
Mensaje D / 00:00:12:012 / top(01) / ... para Root(00)
Mensaje X / 00:00:13:000 / Root(00) / query / 600000690126848.00000 para top(01)
Mensaje X / 00:00:13:000 / top(01) / query / 600000690126848.00000 para gnutella(02)
Mensaje D / 00:00:13:000 / gnutella(02) / 00:00:00:000 para top(01)
Mensaje D / 00:00:13:000 / top(01) / 00:00:00:000 para Root(00)
Mensaje * / 00:00:13:000 / Root(00) para top(01)
Mensaje * / 00:00:13:000 / top(01) para gnutella(02)
Mensaje Y / 00:00:13:000 / gnutella(02) / q_out / 500600390126848.00000 para top(01)
Mensaje D / 00:00:13:000 / gnutella(02) / 00:00:00:002 para top(01)
Mensaje Y / 00:00:13:000 / top(01) / q_out / 500600390126848.00000 para Root(00)
Mensaje D / 00:00:13:000 / top(01) / 00:00:00:002 para Root(00)
Mensaje * / 00:00:13:002 / Root(00) para top(01)
Mensaje * / 00:00:13:002 / top(01) para gnutella(02)
Mensaje Y / 00:00:13:002 / gnutella(02) / q_out / 500608790126848.00000 para top(01)
Mensaje D / 00:00:13:002 / gnutella(02) / 00:00:00:002 para top(01)
Mensaje Y / 00:00:13:002 / top(01) / q_out / 500608790126848.00000 para Root(00)
Mensaje D / 00:00:13:002 / top(01) / 00:00:00:002 para Root(00)
Mensaje * / 00:00:13:004 / Root(00) para top(01)
Mensaje * / 00:00:13:004 / top(01) para gnutella(02)
Mensaje Y / 00:00:13:004 / gnutella(02) / q_out / 500625590126848.00000 para top(01)
Mensaje D / 00:00:13:004 / gnutella(02) / 00:00:00:002 para top(01)
Mensaje Y / 00:00:13:004 / top(01) / q_out / 500625590126848.00000 para Root(00)
Mensaje D / 00:00:13:004 / top(01) / 00:00:00:002 para Root(00)
Mensaje * / 00:00:13:006 / Root(00) para top(01)
Mensaje * / 00:00:13:006 / top(01) para gnutella(02)
Mensaje Y / 00:00:13:006 / gnutella(02) / q_out / 500633990126848.00000 para top(01)
Mensaje D / 00:00:13:006 / gnutella(02) / 00:00:00:002 para top(01)
Mensaje Y / 00:00:13:006 / top(01) / q_out / 500633990126848.00000 para Root(00)
Mensaje D / 00:00:13:006 / top(01) / 00:00:00:002 para Root(00)
Mensaje * / 00:00:13:008 / Root(00) para top(01)
Mensaje * / 00:00:13:008 / top(01) para gnutella(02)
Mensaje Y / 00:00:13:008 / gnutella(02) / q_out / 500642390126848.00000 para top(01)
Mensaje D / 00:00:13:008 / gnutella(02) / 00:00:00:002 para top(01)
Mensaje Y / 00:00:13:008 / top(01) / q_out / 500642390126848.00000 para Root(00)
Mensaje D / 00:00:13:008 / top(01) / 00:00:00:002 para Root(00)
Mensaje * / 00:00:13:010 / Root(00) para top(01)
Mensaje * / 00:00:13:010 / top(01) para gnutella(02)
Mensaje Y / 00:00:13:010 / gnutella(02) / q_out / 500667490126848.00000 para top(01)
Mensaje D / 00:00:13:010 / gnutella(02) / 00:00:00:002 para top(01)
Mensaje Y / 00:00:13:010 / top(01) / q_out / 500667490126848.00000 para Root(00)
Mensaje D / 00:00:13:010 / top(01) / 00:00:00:002 para Root(00)
Mensaje * / 00:00:13:012 / Root(00) para top(01)
Mensaje * / 00:00:13:012 / top(01) para gnutella(02)
Mensaje Y / 00:00:13:012 / gnutella(02) / q_out / 500675890126848.00000 para top(01)
Mensaje D / 00:00:13:012 / gnutella(02) / ... para top(01)
Mensaje Y / 00:00:13:012 / top(01) / q_out / 500675890126848.00000 para Root(00)
Mensaje D / 00:00:13:012 / top(01) / ... para Root(00)
Mensaje X / 00:00:14:000 / Root(00) / query / 700000816332800.00000 para top(01)
Mensaje X / 00:00:14:000 / top(01) / query / 700000816332800.00000 para gnutella(02)
Mensaje D / 00:00:14:000 / gnutella(02) / 00:00:00:000 para top(01)
Mensaje D / 00:00:14:000 / top(01) / 00:00:00:000 para Root(00)
Mensaje * / 00:00:14:000 / Root(00) para top(01)
Mensaje * / 00:00:14:000 / top(01) para gnutella(02)
Mensaje Y / 00:00:14:000 / gnutella(02) / q_out / 600800316332800.00000 para top(01)
Mensaje D / 00:00:14:000 / gnutella(02) / 00:00:00:002 para top(01)
Mensaje Y / 00:00:14:000 / top(01) / q_out / 600800316332800.00000 para Root(00)
Mensaje D / 00:00:14:000 / top(01) / 00:00:00:002 para Root(00)
Mensaje * / 00:00:14:002 / Root(00) para top(01)
Mensaje * / 00:00:14:002 / top(01) para gnutella(02)
Mensaje Y / 00:00:14:002 / gnutella(02) / q_out / 600808716332800.00000 para top(01)
Mensaje D / 00:00:14:002 / gnutella(02) / 00:00:00:002 para top(01)
Mensaje Y / 00:00:14:002 / top(01) / q_out / 600808716332800.00000 para Root(00)
Mensaje D / 00:00:14:002 / top(01) / 00:00:00:002 para Root(00)
Mensaje * / 00:00:14:004 / Root(00) para top(01)
Mensaje * / 00:00:14:004 / top(01) para gnutella(02)
Mensaje Y / 00:00:14:004 / gnutella(02) / q_out / 600825516332800.00000 para top(01)
Mensaje D / 00:00:14:004 / gnutella(02) / 00:00:00:002 para top(01)
Mensaje Y / 00:00:14:004 / top(01) / q_out / 600825516332800.00000 para Root(00)
Mensaje D / 00:00:14:004 / top(01) / 00:00:00:002 para Root(00)
Mensaje * / 00:00:14:006 / Root(00) para top(01)
Mensaje * / 00:00:14:006 / top(01) para gnutella(02)
Mensaje Y / 00:00:14:006 / gnutella(02) / q_out / 600833916332800.00000 para top(01)
Mensaje D / 00:00:14:006 / gnutella(02) / 00:00:00:002 para top(01)
Mensaje Y / 00:00:14:006 / top(01) / q_out / 600833916332800.00000 para Root(00)
Mensaje D / 00:00:14:006 / top(01) / 00:00:00:002 para Root(00)
Mensaje * / 00:00:14:008 / Root(00) para top(01)
Mensaje * / 00:00:14:008 / top(01) para gnutella(02)
Mensaje Y / 00:00:14:008 / gnutella(02) / q_out / 600842316332800.00000 para top(01)
Mensaje D / 00:00:14:008 / gnutella(02) / 00:00:00:002 para top(01)
Mensaje Y / 00:00:14:008 / top(01) / q_out / 600842316332800.00000 para Root(00)
Mensaje D / 00:00:14:008 / top(01) / 00:00:00:002 para Root(00)
Mensaje * / 00:00:14:010 / Root(00) para top(01)
Mensaje * / 00:00:14:010 / top(01) para gnutella(02)
Mensaje Y / 00:00:14:010 / gnutella(02) / q_out / 600867416332800.00000 para top(01)
Mensaje D / 00:00:14:010 / gnutella(02) / 00:00:00:002 para top(01)
Mensaje Y / 00:00:14:010 / top(01) / q_out / 600867416332800.00000 para Root(00)
Mensaje D / 00:00:14:010 / top(01) / 00:00:00:002 para Root(00)
Mensaje * / 00:00:14:012 / Root(00) para top(01)
Mensaje * / 00:00:14:012 / top(01) para gnutella(02)
Mensaje Y / 00:00:14:012 / gnutella(02) / q_out / 600875816332800.00000 para top(01)
Mensaje D / 00:00:14:012 / gnutella(02) / ... para top(01)
Mensaje Y / 00:00:14:012 / top(01) / q_out / 600875816332800.00000 para Root(00)
Mensaje D / 00:00:14:012 / top(01) / ... para Root(00)
