00:39:37:905 out_online 31
00:39:38:895 publish 31010
00:39:38:905 out_connect 31008
00:39:39:895 publish 31011
00:39:39:905 out_connect 31012
00:39:40:895 publish 31015
00:39:40:905 out_connect 31021
00:39:41:895 publish 31094
00:39:41:905 out_connect 31325
00:39:42:905 out_connect 31545
00:39:43:905 out_connect 31900
00:39:46:457 out_offline 31
00:56:05:805 out_online 31
00:56:06:805 out_connect 31008
00:56:07:805 out_connect 31012
00:56:08:805 out_connect 31021
00:56:09:805 out_connect 31325
00:56:10:805 out_connect 31545
00:56:11:805 out_connect 31900
00:58:11:805 out_connect 31008
00:58:12:805 out_connect 31012
00:58:13:805 out_connect 31021
00:58:14:805 out_connect 31325
00:58:15:805 out_connect 31545
00:58:16:805 out_connect 31900
01:00:16:805 out_connect 31008
01:00:17:805 out_connect 31012
01:00:18:805 out_connect 31021
01:00:19:805 out_connect 31325
01:00:20:805 out_connect 31545
01:00:21:805 out_connect 31900
01:02:21:805 out_connect 31012
01:02:22:805 out_connect 31325
01:02:23:805 out_connect 31545
01:02:24:805 out_connect 31900
01:04:24:805 out_connect 31012
01:04:25:805 out_connect 31325
01:04:26:805 out_connect 31545
01:04:27:805 out_connect 31900
01:06:27:805 out_connect 31012
01:06:28:805 out_connect 31545
01:08:28:805 out_connect 31008
01:08:29:805 out_connect 31012
01:08:30:805 out_connect 31545
01:10:30:805 out_connect 31008
01:10:31:805 out_connect 31012
01:10:32:805 out_connect 31545
01:12:32:805 out_connect 31008
01:12:33:805 out_connect 31012
01:12:34:805 out_connect 31545
01:14:34:805 out_connect 31008
01:14:35:805 out_connect 31012
01:14:36:805 out_connect 31545
01:16:36:805 out_connect 31008
01:16:37:805 out_connect 31012
01:16:38:805 out_connect 31545
01:18:38:805 out_connect 31008
01:18:39:805 out_connect 31012
01:18:40:805 out_connect 31545
01:20:40:805 out_connect 31008
01:20:41:805 out_connect 31012
01:20:42:805 out_connect 31545
01:22:42:805 out_connect 31008
01:22:43:805 out_connect 31012
01:22:44:805 out_connect 31545
01:24:44:805 out_connect 31008
01:24:45:805 out_connect 31012
01:24:46:805 out_connect 31545
01:26:46:805 out_connect 31008
01:26:47:805 out_connect 31012
01:26:48:805 out_connect 31545
01:28:48:805 out_connect 31008
01:28:49:805 out_connect 31012
01:28:50:805 out_connect 31545
01:30:50:805 out_connect 31008
01:30:51:805 out_connect 31012
01:30:52:805 out_connect 31545
01:32:52:805 out_connect 31008
01:32:53:805 out_connect 31012
01:32:54:805 out_connect 31545
01:34:54:805 out_connect 31008
01:34:55:805 out_connect 31012
01:34:56:805 out_connect 31545
01:36:56:805 out_connect 31008
01:36:57:805 out_connect 31012
01:36:58:805 out_connect 31545
01:38:58:805 out_connect 31008
01:38:59:805 out_connect 31012
01:39:00:805 out_connect 31545
01:41:00:805 out_connect 31008
01:41:01:805 out_connect 31012
01:41:02:805 out_connect 31545
01:43:02:805 out_connect 31008
01:43:03:805 out_connect 31012
01:43:04:805 out_connect 31545
01:45:04:805 out_connect 31008
01:45:05:805 out_connect 31012
01:45:06:805 out_connect 31545
01:47:06:805 out_connect 31008
01:47:07:805 out_connect 31012
01:47:08:805 out_connect 31545
01:49:08:805 out_connect 31008
01:49:09:805 out_connect 31012
01:49:10:805 out_connect 31545
01:51:10:805 out_connect 31008
01:51:11:805 out_connect 31012
01:51:12:805 out_connect 31545
01:53:12:805 out_connect 31008
01:53:13:805 out_connect 31012
01:53:14:805 out_connect 31545
01:55:14:805 out_connect 31008
01:55:15:805 out_connect 31012
01:55:16:805 out_connect 31545
01:57:16:805 out_connect 31008
01:57:17:805 out_connect 31012
01:57:18:805 out_connect 31545
01:59:18:805 out_connect 31008
01:59:19:805 out_connect 31012
01:59:20:805 out_connect 31545
02:01:20:805 out_connect 31008
02:01:21:805 out_connect 31012
02:01:22:805 out_connect 31545
02:03:22:805 out_connect 31008
02:03:23:805 out_connect 31012
02:03:24:805 out_connect 31545
02:05:24:805 out_connect 31008
02:05:25:805 out_connect 31012
02:05:26:805 out_connect 31545
02:07:26:805 out_connect 31008
02:07:27:805 out_connect 31012
02:07:28:805 out_connect 31545
02:09:28:805 out_connect 31008
02:09:29:805 out_connect 31012
02:09:30:805 out_connect 31545
02:11:30:805 out_connect 31008
02:11:31:805 out_connect 31012
02:11:32:805 out_connect 31545
02:13:32:805 out_connect 31008
02:13:33:805 out_connect 31012
02:13:34:805 out_connect 31545
02:15:34:805 out_connect 31008
02:15:35:805 out_connect 31012
02:15:36:805 out_connect 31545
02:17:36:805 out_connect 31008
02:17:37:805 out_connect 31012
02:17:38:805 out_connect 31545
02:19:38:805 out_connect 31008
02:19:39:805 out_connect 31012
02:19:40:805 out_connect 31545
02:21:40:805 out_connect 31008
02:21:41:805 out_connect 31012
02:21:42:805 out_connect 31545
02:23:42:805 out_connect 31008
02:23:43:805 out_connect 31012
02:23:44:805 out_connect 31545
02:25:44:805 out_connect 31008
02:25:45:805 out_connect 31012
02:25:46:805 out_connect 31545
02:27:46:805 out_connect 31008
02:27:47:805 out_connect 31012
02:27:48:805 out_connect 31545
02:29:48:805 out_connect 31008
02:29:49:805 out_connect 31012
02:29:50:805 out_connect 31545
02:31:50:805 out_connect 31008
02:31:51:805 out_connect 31012
02:31:52:805 out_connect 31545
02:33:52:805 out_connect 31008
02:33:53:805 out_connect 31012
02:33:54:805 out_connect 31545
02:35:54:805 out_connect 31008
02:35:55:805 out_connect 31012
02:35:56:805 out_connect 31545
02:37:56:805 out_connect 31008
02:37:57:805 out_connect 31012
02:37:58:805 out_connect 31545
02:39:58:805 out_connect 31008
02:39:59:805 out_connect 31012
02:40:00:805 out_connect 31545
02:42:00:805 out_connect 31008
02:42:01:805 out_connect 31012
02:42:02:805 out_connect 31545
02:44:02:805 out_connect 31008
02:44:03:805 out_connect 31012
02:44:04:805 out_connect 31545
02:46:04:805 out_connect 31008
02:46:05:805 out_connect 31012
02:46:06:805 out_connect 31545
02:48:06:805 out_connect 31008
02:48:07:805 out_connect 31012
02:48:08:805 out_connect 31545
02:50:08:805 out_connect 31008
02:50:09:805 out_connect 31012
02:50:10:805 out_connect 31545
02:52:10:805 out_connect 31008
02:52:11:805 out_connect 31012
02:52:12:805 out_connect 31545
02:54:12:805 out_connect 31008
02:54:13:805 out_connect 31012
02:54:14:805 out_connect 31545
02:56:14:805 out_connect 31008
02:56:15:805 out_connect 31012
02:56:16:805 out_connect 31545
02:58:16:805 out_connect 31008
02:58:17:805 out_connect 31012
02:58:18:805 out_connect 31545
03:00:18:805 out_connect 31008
03:00:19:805 out_connect 31012
03:00:20:805 out_connect 31545
03:02:20:805 out_connect 31008
03:02:21:805 out_connect 31012
03:02:22:805 out_connect 31545
03:04:22:805 out_connect 31008
03:04:23:805 out_connect 31012
03:04:24:805 out_connect 31545
03:06:24:805 out_connect 31008
03:06:25:805 out_connect 31012
03:06:26:805 out_connect 31545
03:08:26:805 out_connect 31008
03:08:27:805 out_connect 31012
03:08:28:805 out_connect 31545
03:10:28:805 out_connect 31008
03:10:29:805 out_connect 31012
03:10:30:805 out_connect 31545
03:12:30:805 out_connect 31008
03:12:31:805 out_connect 31012
03:12:32:805 out_connect 31545
03:14:32:805 out_connect 31008
03:14:33:805 out_connect 31012
03:14:34:805 out_connect 31545
03:16:34:805 out_connect 31008
03:16:35:805 out_connect 31012
03:16:36:805 out_connect 31545
03:18:36:805 out_connect 31008
03:18:37:805 out_connect 31012
03:18:38:805 out_connect 31545
03:20:38:805 out_connect 31008
03:20:39:805 out_connect 31012
03:20:40:805 out_connect 31545
03:22:40:805 out_connect 31008
03:22:41:805 out_connect 31012
03:22:42:805 out_connect 31545
03:24:42:805 out_connect 31008
03:24:43:805 out_connect 31012
03:24:44:805 out_connect 31545
03:26:44:805 out_connect 31008
03:26:45:805 out_connect 31012
03:26:46:805 out_connect 31545
03:28:46:805 out_connect 31008
03:28:47:805 out_connect 31012
03:28:48:805 out_connect 31545
03:30:48:805 out_connect 31008
03:30:49:805 out_connect 31012
03:30:50:805 out_connect 31545
03:32:50:805 out_connect 31008
03:32:51:805 out_connect 31012
03:32:52:805 out_connect 31545
03:34:52:805 out_connect 31008
03:34:53:805 out_connect 31012
03:34:54:805 out_connect 31545
03:36:54:805 out_connect 31008
03:36:55:805 out_connect 31012
03:36:56:805 out_connect 31545
03:38:56:805 out_connect 31008
03:38:57:805 out_connect 31012
03:38:58:805 out_connect 31545
03:40:58:805 out_connect 31008
03:40:59:805 out_connect 31012
03:41:00:805 out_connect 31545
03:43:00:805 out_connect 31008
03:43:01:805 out_connect 31012
03:43:02:805 out_connect 31545
03:45:02:805 out_connect 31008
03:45:03:805 out_connect 31012
03:45:04:805 out_connect 31545
03:47:04:805 out_connect 31008
03:47:05:805 out_connect 31012
03:47:06:805 out_connect 31545
03:49:06:805 out_connect 31008
03:49:07:805 out_connect 31012
03:49:08:805 out_connect 31545
03:51:08:805 out_connect 31008
03:51:09:805 out_connect 31012
03:51:10:805 out_connect 31545
03:53:10:805 out_connect 31008
03:53:11:805 out_connect 31012
03:53:12:805 out_connect 31545
03:55:12:805 out_connect 31008
03:55:13:805 out_connect 31012
03:55:14:805 out_connect 31545
03:57:14:805 out_connect 31008
03:57:15:805 out_connect 31012
03:57:16:805 out_connect 31545
03:59:16:805 out_connect 31008
03:59:17:805 out_connect 31012
03:59:18:805 out_connect 31545
04:01:18:805 out_connect 31008
04:01:19:805 out_connect 31012
04:01:20:805 out_connect 31545
04:03:20:805 out_connect 31008
04:03:21:805 out_connect 31012
04:03:22:805 out_connect 31545
04:05:22:805 out_connect 31008
04:05:23:805 out_connect 31012
04:05:24:805 out_connect 31545
04:07:24:805 out_connect 31008
04:07:25:805 out_connect 31012
04:07:26:805 out_connect 31545
04:09:26:805 out_connect 31008
04:09:27:805 out_connect 31012
04:09:28:805 out_connect 31545
04:11:28:805 out_connect 31008
04:11:29:805 out_connect 31012
04:11:30:805 out_connect 31545
04:13:30:805 out_connect 31008
04:13:31:805 out_connect 31012
04:13:32:805 out_connect 31545
04:15:32:805 out_connect 31008
04:15:33:805 out_connect 31012
04:15:34:805 out_connect 31545
04:17:34:805 out_connect 31008
04:17:35:805 out_connect 31012
04:17:36:805 out_connect 31545
04:19:36:805 out_connect 31008
04:19:37:805 out_connect 31012
04:19:38:805 out_connect 31545
04:21:38:805 out_connect 31008
04:21:39:805 out_connect 31012
04:21:40:805 out_connect 31545
04:23:40:805 out_connect 31008
04:23:41:805 out_connect 31012
04:23:42:805 out_connect 31545
04:25:42:805 out_connect 31008
04:25:43:805 out_connect 31012
04:25:44:805 out_connect 31545
04:27:44:805 out_connect 31008
04:27:45:805 out_connect 31012
04:27:46:805 out_connect 31545
04:29:46:805 out_connect 31008
04:29:47:805 out_connect 31012
04:29:48:805 out_connect 31545
04:31:48:805 out_connect 31008
04:31:49:805 out_connect 31012
04:31:50:805 out_connect 31545
04:33:50:805 out_connect 31008
04:33:51:805 out_connect 31012
04:33:52:805 out_connect 31545
04:35:52:805 out_connect 31008
04:35:53:805 out_connect 31012
04:35:54:805 out_connect 31545
04:37:54:805 out_connect 31008
04:37:55:805 out_connect 31012
04:37:56:805 out_connect 31545
04:39:56:805 out_connect 31008
04:39:57:805 out_connect 31012
04:39:58:805 out_connect 31545
04:41:58:805 out_connect 31008
04:41:59:805 out_connect 31012
04:42:00:805 out_connect 31545
04:44:00:805 out_connect 31008
04:44:01:805 out_connect 31012
04:44:02:805 out_connect 31545
04:46:02:805 out_connect 31008
04:46:03:805 out_connect 31012
04:46:04:805 out_connect 31545
04:48:04:805 out_connect 31008
04:48:05:805 out_connect 31012
04:48:06:805 out_connect 31545
04:50:06:805 out_connect 31008
04:50:07:805 out_connect 31012
04:50:08:805 out_connect 31545
04:52:08:805 out_connect 31008
04:52:09:805 out_connect 31012
04:52:10:805 out_connect 31545
04:54:10:805 out_connect 31008
04:54:11:805 out_connect 31012
04:54:12:805 out_connect 31545
04:56:12:805 out_connect 31008
04:56:13:805 out_connect 31012
04:56:14:805 out_connect 31545
04:58:14:805 out_connect 31008
04:58:15:805 out_connect 31012
04:58:16:805 out_connect 31545
05:00:16:805 out_connect 31008
05:00:17:805 out_connect 31012
05:00:18:805 out_connect 31545
05:02:18:805 out_connect 31008
05:02:19:805 out_connect 31012
05:02:20:805 out_connect 31545
05:04:20:805 out_connect 31008
05:04:21:805 out_connect 31012
05:04:22:805 out_connect 31545
05:06:22:805 out_connect 31008
05:06:23:805 out_connect 31012
05:06:24:805 out_connect 31545
05:08:24:805 out_connect 31008
05:08:25:805 out_connect 31012
05:08:26:805 out_connect 31545
05:10:26:805 out_connect 31008
05:10:27:805 out_connect 31012
05:10:28:805 out_connect 31545
05:12:28:805 out_connect 31008
05:12:29:805 out_connect 31012
05:12:30:805 out_connect 31545
05:14:30:805 out_connect 31008
05:14:31:805 out_connect 31012
05:14:32:805 out_connect 31545
05:16:32:805 out_connect 31008
05:16:33:805 out_connect 31012
05:16:34:805 out_connect 31545
05:18:34:805 out_connect 31008
05:18:35:805 out_connect 31012
05:18:36:805 out_connect 31545
05:20:36:805 out_connect 31008
05:20:37:805 out_connect 31012
05:20:38:805 out_connect 31545
05:22:38:805 out_connect 31008
05:22:39:805 out_connect 31012
05:22:40:805 out_connect 31545
05:24:40:805 out_connect 31008
05:24:41:805 out_connect 31012
05:24:42:805 out_connect 31545
05:26:42:805 out_connect 31008
05:26:43:805 out_connect 31012
05:26:44:805 out_connect 31545
05:28:44:805 out_connect 31008
05:28:45:805 out_connect 31012
05:28:46:805 out_connect 31545
05:30:46:805 out_connect 31008
05:30:47:805 out_connect 31012
05:30:48:805 out_connect 31545
05:32:48:805 out_connect 31008
05:32:49:805 out_connect 31012
05:32:50:805 out_connect 31545
05:34:50:805 out_connect 31008
05:34:51:805 out_connect 31012
05:34:52:805 out_connect 31545
05:36:52:805 out_connect 31008
05:36:53:805 out_connect 31012
05:36:54:805 out_connect 31545
05:38:54:805 out_connect 31008
05:38:55:805 out_connect 31012
05:38:56:805 out_connect 31545
05:40:56:805 out_connect 31008
05:40:57:805 out_connect 31012
05:40:58:805 out_connect 31545
05:42:58:805 out_connect 31008
05:42:59:805 out_connect 31012
05:43:00:805 out_connect 31545
05:45:00:805 out_connect 31008
05:45:01:805 out_connect 31012
05:45:02:805 out_connect 31545
05:47:02:805 out_connect 31008
05:47:03:805 out_connect 31012
05:47:04:805 out_connect 31545
05:49:04:805 out_connect 31008
05:49:05:805 out_connect 31012
05:49:06:805 out_connect 31545
05:51:06:805 out_connect 31008
05:51:07:805 out_connect 31012
05:51:08:805 out_connect 31545
05:53:08:805 out_connect 31008
05:53:09:805 out_connect 31012
05:53:10:805 out_connect 31545
05:55:10:805 out_connect 31008
05:55:11:805 out_connect 31012
05:55:12:805 out_connect 31545
05:57:12:805 out_connect 31008
05:57:13:805 out_connect 31012
05:57:14:805 out_connect 31545
05:59:14:805 out_connect 31008
05:59:15:805 out_connect 31012
05:59:16:805 out_connect 31545
06:01:16:805 out_connect 31008
06:01:17:805 out_connect 31012
06:01:18:805 out_connect 31545
06:03:18:805 out_connect 31008
06:03:19:805 out_connect 31012
06:03:20:805 out_connect 31545
06:05:20:805 out_connect 31008
06:05:21:805 out_connect 31012
06:05:22:805 out_connect 31545
06:07:22:805 out_connect 31008
06:07:23:805 out_connect 31012
06:07:24:805 out_connect 31545
06:09:24:805 out_connect 31008
06:09:25:805 out_connect 31012
06:09:26:805 out_connect 31545
06:11:26:805 out_connect 31008
06:11:27:805 out_connect 31012
06:11:28:805 out_connect 31545
06:13:28:805 out_connect 31008
06:13:29:805 out_connect 31012
06:13:30:805 out_connect 31545
06:15:30:805 out_connect 31008
06:15:31:805 out_connect 31012
06:15:32:805 out_connect 31545
06:17:32:805 out_connect 31008
06:17:33:805 out_connect 31012
06:17:34:805 out_connect 31545
06:19:34:805 out_connect 31008
06:19:35:805 out_connect 31012
06:19:36:805 out_connect 31545
06:21:36:805 out_connect 31008
06:21:37:805 out_connect 31012
06:21:38:805 out_connect 31545
06:23:38:805 out_connect 31008
06:23:39:805 out_connect 31012
06:23:40:805 out_connect 31545
06:25:40:805 out_connect 31008
06:25:41:805 out_connect 31012
06:25:42:805 out_connect 31545
06:27:42:805 out_connect 31008
06:27:43:805 out_connect 31012
06:27:44:805 out_connect 31545
06:29:44:805 out_connect 31008
06:29:45:805 out_connect 31012
06:29:46:805 out_connect 31545
06:31:46:805 out_connect 31008
06:31:47:805 out_connect 31012
06:31:48:805 out_connect 31545
06:33:48:805 out_connect 31008
06:33:49:805 out_connect 31012
06:33:50:805 out_connect 31545
06:35:50:805 out_connect 31008
06:35:51:805 out_connect 31012
06:35:52:805 out_connect 31545
06:37:52:805 out_connect 31008
06:37:53:805 out_connect 31012
06:37:54:805 out_connect 31545
06:39:54:805 out_connect 31008
06:39:55:805 out_connect 31012
06:39:56:805 out_connect 31545
06:41:56:805 out_connect 31008
06:41:57:805 out_connect 31012
06:41:58:805 out_connect 31545
06:43:58:805 out_connect 31008
06:43:59:805 out_connect 31012
06:44:00:805 out_connect 31545
06:46:00:805 out_connect 31008
06:46:01:805 out_connect 31012
06:46:02:805 out_connect 31545
06:48:02:805 out_connect 31008
06:48:03:805 out_connect 31012
06:48:04:805 out_connect 31545
06:50:04:805 out_connect 31008
06:50:05:805 out_connect 31012
06:50:06:805 out_connect 31545
06:52:06:805 out_connect 31008
06:52:07:805 out_connect 31012
06:52:08:805 out_connect 31545
06:54:08:805 out_connect 31008
06:54:09:805 out_connect 31012
06:54:10:805 out_connect 31545
06:56:10:805 out_connect 31008
06:56:11:805 out_connect 31012
06:56:12:805 out_connect 31545
06:58:12:805 out_connect 31008
06:58:13:805 out_connect 31012
06:58:14:805 out_connect 31545
07:00:14:805 out_connect 31008
07:00:15:805 out_connect 31012
07:00:16:805 out_connect 31545
07:02:16:805 out_connect 31008
07:02:17:805 out_connect 31012
07:02:18:805 out_connect 31545
07:04:18:805 out_connect 31008
07:04:19:805 out_connect 31012
07:04:20:805 out_connect 31545
07:06:20:805 out_connect 31008
07:06:21:805 out_connect 31012
07:06:22:805 out_connect 31545
07:08:22:805 out_connect 31008
07:08:23:805 out_connect 31012
07:08:24:805 out_connect 31545
07:10:24:805 out_connect 31008
07:10:25:805 out_connect 31012
07:10:26:805 out_connect 31545
07:12:26:805 out_connect 31008
07:12:27:805 out_connect 31012
07:12:28:805 out_connect 31545
07:14:28:805 out_connect 31008
07:14:29:805 out_connect 31012
07:14:30:805 out_connect 31545
07:16:30:805 out_connect 31008
07:16:31:805 out_connect 31012
07:16:32:805 out_connect 31545
07:18:32:805 out_connect 31008
07:18:33:805 out_connect 31012
07:18:34:805 out_connect 31545
07:20:34:805 out_connect 31008
07:20:35:805 out_connect 31012
07:20:36:805 out_connect 31545
07:22:36:805 out_connect 31008
07:22:37:805 out_connect 31012
07:22:38:805 out_connect 31545
07:24:38:805 out_connect 31008
07:24:39:805 out_connect 31012
07:24:40:805 out_connect 31545
07:26:40:805 out_connect 31008
07:26:41:805 out_connect 31012
07:26:42:805 out_connect 31545
07:28:42:805 out_connect 31008
07:28:43:805 out_connect 31012
07:28:44:805 out_connect 31545
07:30:44:805 out_connect 31008
07:30:45:805 out_connect 31012
07:30:46:805 out_connect 31545
07:32:46:805 out_connect 31008
07:32:47:805 out_connect 31012
07:32:48:805 out_connect 31545
07:34:48:805 out_connect 31008
07:34:49:805 out_connect 31012
07:34:50:805 out_connect 31545
07:36:50:805 out_connect 31008
07:36:51:805 out_connect 31012
07:36:52:805 out_connect 31545
07:38:52:805 out_connect 31008
07:38:53:805 out_connect 31012
07:38:54:805 out_connect 31545
07:40:54:805 out_connect 31008
07:40:55:805 out_connect 31012
07:40:56:805 out_connect 31545
07:42:56:805 out_connect 31008
07:42:57:805 out_connect 31012
07:42:58:805 out_connect 31545
07:44:58:805 out_connect 31008
07:44:59:805 out_connect 31012
07:45:00:805 out_connect 31545
07:47:00:805 out_connect 31008
07:47:01:805 out_connect 31012
07:47:02:805 out_connect 31545
07:49:02:805 out_connect 31008
07:49:03:805 out_connect 31012
07:49:04:805 out_connect 31545
07:51:04:805 out_connect 31008
07:51:05:805 out_connect 31012
07:51:06:805 out_connect 31545
07:53:06:805 out_connect 31008
07:53:07:805 out_connect 31012
07:53:08:805 out_connect 31545
07:55:08:805 out_connect 31008
07:55:09:805 out_connect 31012
07:55:10:805 out_connect 31545
07:55:29:882 out_disconnect 31021
07:55:29:892 out_disconnect 31325
07:55:29:902 out_disconnect 31900
07:55:29:912 out_offline 31
