Mensaje I / 00:00:00:000 / Root(00) para top(01)
Mensaje I / 00:00:00:000 / top(01) para session(02)
Mensaje D / 00:00:00:000 / session(02) / 00:00:40:174 para top(01)
Mensaje D / 00:00:00:000 / top(01) / 00:00:40:174 para Root(00)
Mensaje * / 00:00:40:174 / Root(00) para top(01)
Mensaje * / 00:00:40:174 / top(01) para session(02)
Mensaje Y / 00:00:40:174 / session(02) / online /     31.00000 para top(01)
Mensaje D / 00:00:40:174 / session(02) / 00:00:01:000 para top(01)
Mensaje Y / 00:00:40:174 / top(01) / online /     31.00000 para Root(00)
Mensaje D / 00:00:40:174 / top(01) / 00:00:01:000 para Root(00)
Mensaje * / 00:00:41:174 / Root(00) para top(01)
Mensaje * / 00:00:41:174 / top(01) para session(02)
Mensaje Y / 00:00:41:174 / session(02) / publish /  31010.00000 para top(01)
Mensaje D / 00:00:41:174 / session(02) / 00:00:01:000 para top(01)
Mensaje Y / 00:00:41:174 / top(01) / publish /  31010.00000 para Root(00)
Mensaje D / 00:00:41:174 / top(01) / 00:00:01:000 para Root(00)
Mensaje * / 00:00:42:174 / Root(00) para top(01)
Mensaje * / 00:00:42:174 / top(01) para session(02)
Mensaje Y / 00:00:42:174 / session(02) / publish /  31011.00000 para top(01)
Mensaje D / 00:00:42:174 / session(02) / 00:00:01:000 para top(01)
Mensaje Y / 00:00:42:174 / top(01) / publish /  31011.00000 para Root(00)
Mensaje D / 00:00:42:174 / top(01) / 00:00:01:000 para Root(00)
Mensaje * / 00:00:43:174 / Root(00) para top(01)
Mensaje * / 00:00:43:174 / top(01) para session(02)
Mensaje Y / 00:00:43:174 / session(02) / publish /  31015.00000 para top(01)
Mensaje D / 00:00:43:174 / session(02) / 00:00:01:000 para top(01)
Mensaje Y / 00:00:43:174 / top(01) / publish /  31015.00000 para Root(00)
Mensaje D / 00:00:43:174 / top(01) / 00:00:01:000 para Root(00)
Mensaje * / 00:00:44:174 / Root(00) para top(01)
Mensaje * / 00:00:44:174 / top(01) para session(02)
Mensaje Y / 00:00:44:174 / session(02) / publish /  31094.00000 para top(01)
Mensaje D / 00:00:44:174 / session(02) / 00:00:21:912 para top(01)
Mensaje Y / 00:00:44:174 / top(01) / publish /  31094.00000 para Root(00)
Mensaje D / 00:00:44:174 / top(01) / 00:00:21:912 para Root(00)
Mensaje * / 00:01:06:086 / Root(00) para top(01)
Mensaje * / 00:01:06:086 / top(01) para session(02)
Mensaje Y / 00:01:06:086 / session(02) / query /  31002.00000 para top(01)
Mensaje D / 00:01:06:086 / session(02) / 00:06:42:609 para top(01)
Mensaje Y / 00:01:06:086 / top(01) / query /  31002.00000 para Root(00)
Mensaje D / 00:01:06:086 / top(01) / 00:06:42:609 para Root(00)
Mensaje * / 00:07:48:695 / Root(00) para top(01)
Mensaje * / 00:07:48:695 / top(01) para session(02)
Mensaje Y / 00:07:48:695 / session(02) / query /  31005.00000 para top(01)
Mensaje D / 00:07:48:695 / session(02) / 00:10:19:001 para top(01)
Mensaje Y / 00:07:48:695 / top(01) / query /  31005.00000 para Root(00)
Mensaje D / 00:07:48:695 / top(01) / 00:10:19:001 para Root(00)
Mensaje * / 00:18:07:696 / Root(00) para top(01)
Mensaje * / 00:18:07:696 / top(01) para session(02)
Mensaje Y / 00:18:07:696 / session(02) / query /  31006.00000 para top(01)
Mensaje D / 00:18:07:696 / session(02) / 00:00:01:118 para top(01)
Mensaje Y / 00:18:07:696 / top(01) / query /  31006.00000 para Root(00)
Mensaje D / 00:18:07:696 / top(01) / 00:00:01:118 para Root(00)
Mensaje * / 00:18:08:814 / Root(00) para top(01)
Mensaje * / 00:18:08:814 / top(01) para session(02)
Mensaje Y / 00:18:08:814 / session(02) / query /  31008.00000 para top(01)
Mensaje D / 00:18:08:814 / session(02) / 00:06:04:610 para top(01)
Mensaje Y / 00:18:08:814 / top(01) / query /  31008.00000 para Root(00)
Mensaje D / 00:18:08:814 / top(01) / 00:06:04:610 para Root(00)
Mensaje * / 00:24:13:424 / Root(00) para top(01)
Mensaje * / 00:24:13:424 / top(01) para session(02)
Mensaje Y / 00:24:13:424 / session(02) / query /  31993.00000 para top(01)
Mensaje D / 00:24:13:424 / session(02) / 15:50:37:437 para top(01)
Mensaje Y / 00:24:13:424 / top(01) / query /  31993.00000 para Root(00)
Mensaje D / 00:24:13:424 / top(01) / 15:50:37:437 para Root(00)
Mensaje * / 16:14:50:861 / Root(00) para top(01)
Mensaje * / 16:14:50:861 / top(01) para session(02)
Mensaje Y / 16:14:50:861 / session(02) / offline /     31.00000 para top(01)
Mensaje D / 16:14:50:861 / session(02) / 00:00:37:998 para top(01)
Mensaje Y / 16:14:50:861 / top(01) / offline /     31.00000 para Root(00)
Mensaje D / 16:14:50:861 / top(01) / 00:00:37:998 para Root(00)
Mensaje * / 16:15:28:859 / Root(00) para top(01)
Mensaje * / 16:15:28:859 / top(01) para session(02)
Mensaje Y / 16:15:28:859 / session(02) / online /     31.00000 para top(01)
Mensaje D / 16:15:28:859 / session(02) / 00:56:50:679 para top(01)
Mensaje Y / 16:15:28:859 / top(01) / online /     31.00000 para Root(00)
Mensaje D / 16:15:28:859 / top(01) / 00:56:50:679 para Root(00)
Mensaje * / 17:12:19:538 / Root(00) para top(01)
Mensaje * / 17:12:19:538 / top(01) para session(02)
Mensaje Y / 17:12:19:538 / session(02) / query /  31002.00000 para top(01)
Mensaje D / 17:12:19:538 / session(02) / 00:01:32:128 para top(01)
Mensaje Y / 17:12:19:538 / top(01) / query /  31002.00000 para Root(00)
Mensaje D / 17:12:19:538 / top(01) / 00:01:32:128 para Root(00)
Mensaje * / 17:13:51:666 / Root(00) para top(01)
Mensaje * / 17:13:51:666 / top(01) para session(02)
Mensaje Y / 17:13:51:666 / session(02) / query /  31005.00000 para top(01)
Mensaje D / 17:13:51:666 / session(02) / 00:01:33:529 para top(01)
Mensaje Y / 17:13:51:666 / top(01) / query /  31005.00000 para Root(00)
Mensaje D / 17:13:51:666 / top(01) / 00:01:33:529 para Root(00)
Mensaje * / 17:15:25:195 / Root(00) para top(01)
Mensaje * / 17:15:25:195 / top(01) para session(02)
Mensaje Y / 17:15:25:195 / session(02) / query /  31006.00000 para top(01)
Mensaje D / 17:15:25:195 / session(02) / 00:00:27:127 para top(01)
Mensaje Y / 17:15:25:195 / top(01) / query /  31006.00000 para Root(00)
Mensaje D / 17:15:25:195 / top(01) / 00:00:27:127 para Root(00)
Mensaje * / 17:15:52:322 / Root(00) para top(01)
Mensaje * / 17:15:52:322 / top(01) para session(02)
Mensaje Y / 17:15:52:322 / session(02) / query /  31008.00000 para top(01)
Mensaje D / 17:15:52:322 / session(02) / 00:00:01:176 para top(01)
Mensaje Y / 17:15:52:322 / top(01) / query /  31008.00000 para Root(00)
Mensaje D / 17:15:52:322 / top(01) / 00:00:01:176 para Root(00)
Mensaje * / 17:15:53:498 / Root(00) para top(01)
Mensaje * / 17:15:53:498 / top(01) para session(02)
Mensaje Y / 17:15:53:498 / session(02) / query /  31993.00000 para top(01)
Mensaje D / 17:15:53:498 / session(02) / 00:00:00:011 para top(01)
Mensaje Y / 17:15:53:498 / top(01) / query /  31993.00000 para Root(00)
Mensaje D / 17:15:53:498 / top(01) / 00:00:00:011 para Root(00)
Mensaje * / 17:15:53:509 / Root(00) para top(01)
Mensaje * / 17:15:53:509 / top(01) para session(02)
Mensaje Y / 17:15:53:509 / session(02) / offline /     31.00000 para top(01)
Mensaje D / 17:15:53:509 / session(02) / 00:43:03:440 para top(01)
Mensaje Y / 17:15:53:509 / top(01) / offline /     31.00000 para Root(00)
Mensaje D / 17:15:53:509 / top(01) / 00:43:03:440 para Root(00)
Mensaje * / 17:58:56:949 / Root(00) para top(01)
Mensaje * / 17:58:56:949 / top(01) para session(02)
Mensaje Y / 17:58:56:949 / session(02) / online /     31.00000 para top(01)
Mensaje D / 17:58:56:949 / session(02) / 00:03:27:217 para top(01)
Mensaje Y / 17:58:56:949 / top(01) / online /     31.00000 para Root(00)
Mensaje D / 17:58:56:949 / top(01) / 00:03:27:217 para Root(00)
Mensaje * / 18:02:24:166 / Root(00) para top(01)
Mensaje * / 18:02:24:166 / top(01) para session(02)
Mensaje Y / 18:02:24:166 / session(02) / offline /     31.00000 para top(01)
Mensaje D / 18:02:24:166 / session(02) / 01:12:49:622 para top(01)
Mensaje Y / 18:02:24:166 / top(01) / offline /     31.00000 para Root(00)
Mensaje D / 18:02:24:166 / top(01) / 01:12:49:622 para Root(00)
Mensaje * / 19:15:13:788 / Root(00) para top(01)
Mensaje * / 19:15:13:788 / top(01) para session(02)
Mensaje Y / 19:15:13:788 / session(02) / online /     31.00000 para top(01)
Mensaje D / 19:15:13:788 / session(02) / 00:00:00:531 para top(01)
Mensaje Y / 19:15:13:788 / top(01) / online /     31.00000 para Root(00)
Mensaje D / 19:15:13:788 / top(01) / 00:00:00:531 para Root(00)
Mensaje * / 19:15:14:319 / Root(00) para top(01)
Mensaje * / 19:15:14:319 / top(01) para session(02)
Mensaje Y / 19:15:14:319 / session(02) / query /  31002.00000 para top(01)
Mensaje D / 19:15:14:319 / session(02) / 00:08:07:893 para top(01)
Mensaje Y / 19:15:14:319 / top(01) / query /  31002.00000 para Root(00)
Mensaje D / 19:15:14:319 / top(01) / 00:08:07:893 para Root(00)
Mensaje * / 19:23:22:212 / Root(00) para top(01)
Mensaje * / 19:23:22:212 / top(01) para session(02)
Mensaje Y / 19:23:22:212 / session(02) / query /  31005.00000 para top(01)
Mensaje D / 19:23:22:212 / session(02) / 00:00:26:527 para top(01)
Mensaje Y / 19:23:22:212 / top(01) / query /  31005.00000 para Root(00)
Mensaje D / 19:23:22:212 / top(01) / 00:00:26:527 para Root(00)
Mensaje * / 19:23:48:739 / Root(00) para top(01)
Mensaje * / 19:23:48:739 / top(01) para session(02)
Mensaje Y / 19:23:48:739 / session(02) / query /  31006.00000 para top(01)
Mensaje D / 19:23:48:739 / session(02) / 00:14:22:675 para top(01)
Mensaje Y / 19:23:48:739 / top(01) / query /  31006.00000 para Root(00)
Mensaje D / 19:23:48:739 / top(01) / 00:14:22:675 para Root(00)
Mensaje * / 19:38:11:414 / Root(00) para top(01)
Mensaje * / 19:38:11:414 / top(01) para session(02)
Mensaje Y / 19:38:11:414 / session(02) / query /  31008.00000 para top(01)
Mensaje D / 19:38:11:414 / session(02) / 00:38:05:739 para top(01)
Mensaje Y / 19:38:11:414 / top(01) / query /  31008.00000 para Root(00)
Mensaje D / 19:38:11:414 / top(01) / 00:38:05:739 para Root(00)
Mensaje * / 20:16:17:153 / Root(00) para top(01)
Mensaje * / 20:16:17:153 / top(01) para session(02)
Mensaje Y / 20:16:17:153 / session(02) / query /  31993.00000 para top(01)
Mensaje D / 20:16:17:153 / session(02) / 00:00:58:981 para top(01)
Mensaje Y / 20:16:17:153 / top(01) / query /  31993.00000 para Root(00)
Mensaje D / 20:16:17:153 / top(01) / 00:00:58:981 para Root(00)
Mensaje * / 20:17:16:134 / Root(00) para top(01)
Mensaje * / 20:17:16:134 / top(01) para session(02)
Mensaje Y / 20:17:16:134 / session(02) / offline /     31.00000 para top(01)
Mensaje D / 20:17:16:134 / session(02) / 00:10:08:998 para top(01)
Mensaje Y / 20:17:16:134 / top(01) / offline /     31.00000 para Root(00)
Mensaje D / 20:17:16:134 / top(01) / 00:10:08:998 para Root(00)
Mensaje * / 20:27:25:132 / Root(00) para top(01)
Mensaje * / 20:27:25:132 / top(01) para session(02)
Mensaje Y / 20:27:25:132 / session(02) / online /     31.00000 para top(01)
Mensaje D / 20:27:25:132 / session(02) / 00:03:54:838 para top(01)
Mensaje Y / 20:27:25:132 / top(01) / online /     31.00000 para Root(00)
Mensaje D / 20:27:25:132 / top(01) / 00:03:54:838 para Root(00)
Mensaje * / 20:31:19:970 / Root(00) para top(01)
Mensaje * / 20:31:19:970 / top(01) para session(02)
Mensaje Y / 20:31:19:970 / session(02) / query /  31002.00000 para top(01)
Mensaje D / 20:31:19:970 / session(02) / 00:01:20:942 para top(01)
Mensaje Y / 20:31:19:970 / top(01) / query /  31002.00000 para Root(00)
Mensaje D / 20:31:19:970 / top(01) / 00:01:20:942 para Root(00)
Mensaje * / 20:32:40:912 / Root(00) para top(01)
Mensaje * / 20:32:40:912 / top(01) para session(02)
Mensaje Y / 20:32:40:912 / session(02) / query /  31005.00000 para top(01)
Mensaje D / 20:32:40:912 / session(02) / 00:00:00:086 para top(01)
Mensaje Y / 20:32:40:912 / top(01) / query /  31005.00000 para Root(00)
Mensaje D / 20:32:40:912 / top(01) / 00:00:00:086 para Root(00)
Mensaje * / 20:32:40:998 / Root(00) para top(01)
Mensaje * / 20:32:40:998 / top(01) para session(02)
Mensaje Y / 20:32:40:998 / session(02) / query /  31006.00000 para top(01)
Mensaje D / 20:32:40:998 / session(02) / 00:01:11:302 para top(01)
Mensaje Y / 20:32:40:998 / top(01) / query /  31006.00000 para Root(00)
Mensaje D / 20:32:40:998 / top(01) / 00:01:11:302 para Root(00)
Mensaje * / 20:33:52:300 / Root(00) para top(01)
Mensaje * / 20:33:52:300 / top(01) para session(02)
Mensaje Y / 20:33:52:300 / session(02) / query /  31008.00000 para top(01)
Mensaje D / 20:33:52:300 / session(02) / 00:00:03:658 para top(01)
Mensaje Y / 20:33:52:300 / top(01) / query /  31008.00000 para Root(00)
Mensaje D / 20:33:52:300 / top(01) / 00:00:03:658 para Root(00)
Mensaje * / 20:33:55:958 / Root(00) para top(01)
Mensaje * / 20:33:55:958 / top(01) para session(02)
Mensaje Y / 20:33:55:958 / session(02) / query /  31993.00000 para top(01)
Mensaje D / 20:33:55:958 / session(02) / 00:00:00:548 para top(01)
Mensaje Y / 20:33:55:958 / top(01) / query /  31993.00000 para Root(00)
Mensaje D / 20:33:55:958 / top(01) / 00:00:00:548 para Root(00)
Mensaje * / 20:33:56:506 / Root(00) para top(01)
Mensaje * / 20:33:56:506 / top(01) para session(02)
Mensaje Y / 20:33:56:506 / session(02) / offline /     31.00000 para top(01)
Mensaje D / 20:33:56:506 / session(02) / 00:55:29:776 para top(01)
Mensaje Y / 20:33:56:506 / top(01) / offline /     31.00000 para Root(00)
Mensaje D / 20:33:56:506 / top(01) / 00:55:29:776 para Root(00)
Mensaje * / 21:29:26:282 / Root(00) para top(01)
Mensaje * / 21:29:26:282 / top(01) para session(02)
Mensaje Y / 21:29:26:282 / session(02) / online /     31.00000 para top(01)
Mensaje D / 21:29:26:282 / session(02) / 00:00:25:967 para top(01)
Mensaje Y / 21:29:26:282 / top(01) / online /     31.00000 para Root(00)
Mensaje D / 21:29:26:282 / top(01) / 00:00:25:967 para Root(00)
Mensaje * / 21:29:52:249 / Root(00) para top(01)
Mensaje * / 21:29:52:249 / top(01) para session(02)
Mensaje Y / 21:29:52:249 / session(02) / query /  31002.00000 para top(01)
Mensaje D / 21:29:52:249 / session(02) / 00:00:00:361 para top(01)
Mensaje Y / 21:29:52:249 / top(01) / query /  31002.00000 para Root(00)
Mensaje D / 21:29:52:249 / top(01) / 00:00:00:361 para Root(00)
Mensaje * / 21:29:52:610 / Root(00) para top(01)
Mensaje * / 21:29:52:610 / top(01) para session(02)
Mensaje Y / 21:29:52:610 / session(02) / query /  31005.00000 para top(01)
Mensaje D / 21:29:52:610 / session(02) / 00:00:00:739 para top(01)
Mensaje Y / 21:29:52:610 / top(01) / query /  31005.00000 para Root(00)
Mensaje D / 21:29:52:610 / top(01) / 00:00:00:739 para Root(00)
Mensaje * / 21:29:53:349 / Root(00) para top(01)
Mensaje * / 21:29:53:349 / top(01) para session(02)
Mensaje Y / 21:29:53:349 / session(02) / query /  31006.00000 para top(01)
Mensaje D / 21:29:53:349 / session(02) / 00:00:00:000 para top(01)
Mensaje Y / 21:29:53:349 / top(01) / query /  31006.00000 para Root(00)
Mensaje D / 21:29:53:349 / top(01) / 00:00:00:000 para Root(00)
Mensaje * / 21:29:53:349 / Root(00) para top(01)
Mensaje * / 21:29:53:349 / top(01) para session(02)
Mensaje Y / 21:29:53:349 / session(02) / query /  31008.00000 para top(01)
Mensaje D / 21:29:53:349 / session(02) / 00:00:01:198 para top(01)
Mensaje Y / 21:29:53:349 / top(01) / query /  31008.00000 para Root(00)
Mensaje D / 21:29:53:349 / top(01) / 00:00:01:198 para Root(00)
Mensaje * / 21:29:54:547 / Root(00) para top(01)
Mensaje * / 21:29:54:547 / top(01) para session(02)
Mensaje Y / 21:29:54:547 / session(02) / query /  31993.00000 para top(01)
Mensaje D / 21:29:54:547 / session(02) / 00:00:01:322 para top(01)
Mensaje Y / 21:29:54:547 / top(01) / query /  31993.00000 para Root(00)
Mensaje D / 21:29:54:547 / top(01) / 00:00:01:322 para Root(00)
Mensaje * / 21:29:55:869 / Root(00) para top(01)
Mensaje * / 21:29:55:869 / top(01) para session(02)
Mensaje Y / 21:29:55:869 / session(02) / offline /     31.00000 para top(01)
Mensaje D / 21:29:55:869 / session(02) / 01:49:19:113 para top(01)
Mensaje Y / 21:29:55:869 / top(01) / offline /     31.00000 para Root(00)
Mensaje D / 21:29:55:869 / top(01) / 01:49:19:113 para Root(00)
Mensaje * / 23:19:14:982 / Root(00) para top(01)
Mensaje * / 23:19:14:982 / top(01) para session(02)
Mensaje Y / 23:19:14:982 / session(02) / online /     31.00000 para top(01)
Mensaje D / 23:19:14:982 / session(02) / 00:05:01:695 para top(01)
Mensaje Y / 23:19:14:982 / top(01) / online /     31.00000 para Root(00)
Mensaje D / 23:19:14:982 / top(01) / 00:05:01:695 para Root(00)
Mensaje * / 23:24:16:677 / Root(00) para top(01)
Mensaje * / 23:24:16:677 / top(01) para session(02)
Mensaje Y / 23:24:16:677 / session(02) / query /  31002.00000 para top(01)
Mensaje D / 23:24:16:677 / session(02) / 00:00:15:446 para top(01)
Mensaje Y / 23:24:16:677 / top(01) / query /  31002.00000 para Root(00)
Mensaje D / 23:24:16:677 / top(01) / 00:00:15:446 para Root(00)
Mensaje * / 23:24:32:123 / Root(00) para top(01)
Mensaje * / 23:24:32:123 / top(01) para session(02)
Mensaje Y / 23:24:32:123 / session(02) / query /  31005.00000 para top(01)
Mensaje D / 23:24:32:123 / session(02) / 00:00:00:830 para top(01)
Mensaje Y / 23:24:32:123 / top(01) / query /  31005.00000 para Root(00)
Mensaje D / 23:24:32:123 / top(01) / 00:00:00:830 para Root(00)
Mensaje * / 23:24:32:953 / Root(00) para top(01)
Mensaje * / 23:24:32:953 / top(01) para session(02)
Mensaje Y / 23:24:32:953 / session(02) / query /  31006.00000 para top(01)
Mensaje D / 23:24:32:953 / session(02) / 00:03:47:900 para top(01)
Mensaje Y / 23:24:32:953 / top(01) / query /  31006.00000 para Root(00)
Mensaje D / 23:24:32:953 / top(01) / 00:03:47:900 para Root(00)
Mensaje * / 23:28:20:853 / Root(00) para top(01)
Mensaje * / 23:28:20:853 / top(01) para session(02)
Mensaje Y / 23:28:20:853 / session(02) / query /  31008.00000 para top(01)
Mensaje D / 23:28:20:853 / session(02) / 00:22:08:953 para top(01)
Mensaje Y / 23:28:20:853 / top(01) / query /  31008.00000 para Root(00)
Mensaje D / 23:28:20:853 / top(01) / 00:22:08:953 para Root(00)
Mensaje * / 23:50:29:806 / Root(00) para top(01)
Mensaje * / 23:50:29:806 / top(01) para session(02)
Mensaje Y / 23:50:29:806 / session(02) / query /  31993.00000 para top(01)
Mensaje D / 23:50:29:806 / session(02) / 00:00:24:953 para top(01)
Mensaje Y / 23:50:29:806 / top(01) / query /  31993.00000 para Root(00)
Mensaje D / 23:50:29:806 / top(01) / 00:00:24:953 para Root(00)
Mensaje * / 23:50:54:759 / Root(00) para top(01)
Mensaje * / 23:50:54:759 / top(01) para session(02)
Mensaje Y / 23:50:54:759 / session(02) / offline /     31.00000 para top(01)
Mensaje D / 23:50:54:759 / session(02) / 00:14:12:050 para top(01)
Mensaje Y / 23:50:54:759 / top(01) / offline /     31.00000 para Root(00)
Mensaje D / 23:50:54:759 / top(01) / 00:14:12:050 para Root(00)
Mensaje * / 24:05:06:809 / Root(00) para top(01)
Mensaje * / 24:05:06:809 / top(01) para session(02)
Mensaje Y / 24:05:06:809 / session(02) / online /     31.00000 para top(01)
Mensaje D / 24:05:06:809 / session(02) / 215:12:45:812 para top(01)
Mensaje Y / 24:05:06:809 / top(01) / online /     31.00000 para Root(00)
Mensaje D / 24:05:06:809 / top(01) / 215:12:45:812 para Root(00)
