Mensaje I / 00:00:00:000 / Root(00) para top(01)
Mensaje I / 00:00:00:000 / top(01) para lts(02)
Mensaje D / 00:00:00:000 / lts(02) / ... para top(01)
Mensaje D / 00:00:00:000 / top(01) / ... para Root(00)
Mensaje X / 00:00:00:001 / Root(00) / peer_online /      1.00000 para top(01)
Mensaje X / 00:00:00:001 / top(01) / peer_online /      1.00000 para lts(02)
Mensaje D / 00:00:00:001 / lts(02) / 00:00:00:000 para top(01)
Mensaje D / 00:00:00:001 / top(01) / 00:00:00:000 para Root(00)
Mensaje * / 00:00:00:001 / Root(00) para top(01)
Mensaje * / 00:00:00:001 / top(01) para lts(02)
Mensaje D / 00:00:00:001 / lts(02) / ... para top(01)
Mensaje D / 00:00:00:001 / top(01) / ... para Root(00)
Mensaje X / 00:00:00:002 / Root(00) / peer_online /      2.00000 para top(01)
Mensaje X / 00:00:00:002 / top(01) / peer_online /      2.00000 para lts(02)
Mensaje D / 00:00:00:002 / lts(02) / 00:00:00:000 para top(01)
Mensaje D / 00:00:00:002 / top(01) / 00:00:00:000 para Root(00)
Mensaje * / 00:00:00:002 / Root(00) para top(01)
Mensaje * / 00:00:00:002 / top(01) para lts(02)
Mensaje D / 00:00:00:002 / lts(02) / ... para top(01)
Mensaje D / 00:00:00:002 / top(01) / ... para Root(00)
Mensaje X / 00:00:00:003 / Root(00) / peer_online /      3.00000 para top(01)
Mensaje X / 00:00:00:003 / top(01) / peer_online /      3.00000 para lts(02)
Mensaje D / 00:00:00:003 / lts(02) / 00:00:00:000 para top(01)
Mensaje D / 00:00:00:003 / top(01) / 00:00:00:000 para Root(00)
Mensaje * / 00:00:00:003 / Root(00) para top(01)
Mensaje * / 00:00:00:003 / top(01) para lts(02)
Mensaje D / 00:00:00:003 / lts(02) / ... para top(01)
Mensaje D / 00:00:00:003 / top(01) / ... para Root(00)
Mensaje X / 00:00:00:017 / Root(00) / connect_in / 100199997440.00000 para top(01)
Mensaje X / 00:00:00:017 / top(01) / connect_in / 100199997440.00000 para lts(02)
Mensaje D / 00:00:00:017 / lts(02) / 00:00:00:029 para top(01)
Mensaje D / 00:00:00:017 / top(01) / 00:00:00:029 para Root(00)
Mensaje X / 00:00:00:018 / Root(00) / connect_in / 200300003328.00000 para top(01)
Mensaje X / 00:00:00:018 / top(01) / connect_in / 200300003328.00000 para lts(02)
Mensaje D / 00:00:00:018 / lts(02) / 00:00:00:029 para top(01)
Mensaje D / 00:00:00:018 / top(01) / 00:00:00:029 para Root(00)
Mensaje X / 00:00:00:019 / Root(00) / connect_in / 300099993600.00000 para top(01)
Mensaje X / 00:00:00:019 / top(01) / connect_in / 300099993600.00000 para lts(02)
Mensaje D / 00:00:00:019 / lts(02) / 00:00:00:029 para top(01)
Mensaje D / 00:00:00:019 / top(01) / 00:00:00:029 para Root(00)
Mensaje * / 00:00:00:048 / Root(00) para top(01)
Mensaje * / 00:00:00:048 / top(01) para lts(02)
Mensaje Y / 00:00:00:048 / lts(02) / c_out1 / 100100100000000.00000 para top(01)
Mensaje D / 00:00:00:048 / lts(02) / 00:00:00:002 para top(01)
Mensaje Y / 00:00:00:048 / top(01) / c_out1 / 100100100000000.00000 para Root(00)
Mensaje D / 00:00:00:048 / top(01) / 00:00:00:002 para Root(00)
Mensaje * / 00:00:00:050 / Root(00) para top(01)
Mensaje * / 00:00:00:050 / top(01) para lts(02)
Mensaje Y / 00:00:00:050 / lts(02) / c_out2 / 100200300000000.00000 para top(01)
Mensaje D / 00:00:00:050 / lts(02) / ... para top(01)
Mensaje Y / 00:00:00:050 / top(01) / c_out2 / 100200300000000.00000 para Root(00)
Mensaje D / 00:00:00:050 / top(01) / ... para Root(00)
