Mensaje I / 00:00:00:000 / Root(00) para top(01)
Mensaje I / 00:00:00:000 / top(01) para db(02)
Mensaje D / 00:00:00:000 / db(02) / ... para top(01)
Mensaje D / 00:00:00:000 / top(01) / ... para Root(00)
Mensaje X / 00:00:01:000 / Root(00) / query_in / 1000.000000000 para top(01)
Mensaje X / 00:00:01:000 / top(01) / query_in / 1000.000000000 para db(02)
Mensaje D / 00:00:01:000 / db(02) / 00:00:00:002 para top(01)
Mensaje D / 00:00:01:000 / top(01) / 00:00:00:002 para Root(00)
Mensaje * / 00:00:01:002 / Root(00) para top(01)
Mensaje * / 00:00:01:002 / top(01) para db(02)
Mensaje Y / 00:00:01:002 / db(02) / queryhit / 4001.000000000 para top(01)
Mensaje D / 00:00:01:002 / db(02) / 00:00:00:002 para top(01)
Mensaje Y / 00:00:01:002 / top(01) / queryhit / 4001.000000000 para Root(00)
Mensaje D / 00:00:01:002 / top(01) / 00:00:00:002 para Root(00)
Mensaje * / 00:00:01:004 / Root(00) para top(01)
Mensaje * / 00:00:01:004 / top(01) para db(02)
Mensaje Y / 00:00:01:004 / db(02) / queryhit / 5001.000000000 para top(01)
Mensaje D / 00:00:01:004 / db(02) / ... para top(01)
Mensaje Y / 00:00:01:004 / top(01) / queryhit / 5001.000000000 para Root(00)
Mensaje D / 00:00:01:004 / top(01) / ... para Root(00)
Mensaje X / 00:00:02:000 / Root(00) / query_in / 2000.000000000 para top(01)
Mensaje X / 00:00:02:000 / top(01) / query_in / 2000.000000000 para db(02)
Mensaje D / 00:00:02:000 / db(02) / 00:00:00:002 para top(01)
Mensaje D / 00:00:02:000 / top(01) / 00:00:00:002 para Root(00)
Mensaje * / 00:00:02:002 / Root(00) para top(01)
Mensaje * / 00:00:02:002 / top(01) para db(02)
Mensaje Y / 00:00:02:002 / db(02) / queryhit / 2002.000000000 para top(01)
Mensaje D / 00:00:02:002 / db(02) / 00:00:00:002 para top(01)
Mensaje Y / 00:00:02:002 / top(01) / queryhit / 2002.000000000 para Root(00)
Mensaje D / 00:00:02:002 / top(01) / 00:00:00:002 para Root(00)
Mensaje * / 00:00:02:004 / Root(00) para top(01)
Mensaje * / 00:00:02:004 / top(01) para db(02)
Mensaje Y / 00:00:02:004 / db(02) / queryhit / 5002.000000000 para top(01)
Mensaje D / 00:00:02:004 / db(02) / 00:00:00:002 para top(01)
Mensaje Y / 00:00:02:004 / top(01) / queryhit / 5002.000000000 para Root(00)
Mensaje D / 00:00:02:004 / top(01) / 00:00:00:002 para Root(00)
Mensaje * / 00:00:02:006 / Root(00) para top(01)
Mensaje * / 00:00:02:006 / top(01) para db(02)
Mensaje Y / 00:00:02:006 / db(02) / queryhit / 6002.000000000 para top(01)
Mensaje D / 00:00:02:006 / db(02) / ... para top(01)
Mensaje Y / 00:00:02:006 / top(01) / queryhit / 6002.000000000 para Root(00)
Mensaje D / 00:00:02:006 / top(01) / ... para Root(00)
Mensaje X / 00:00:03:000 / Root(00) / query_in / 3000.000000000 para top(01)
Mensaje X / 00:00:03:000 / top(01) / query_in / 3000.000000000 para db(02)
Mensaje D / 00:00:03:000 / db(02) / 00:00:00:002 para top(01)
Mensaje D / 00:00:03:000 / top(01) / 00:00:00:002 para Root(00)
Mensaje * / 00:00:03:002 / Root(00) para top(01)
Mensaje * / 00:00:03:002 / top(01) para db(02)
Mensaje Y / 00:00:03:002 / db(02) / queryhit / 1003.000000000 para top(01)
Mensaje D / 00:00:03:002 / db(02) / ... para top(01)
Mensaje Y / 00:00:03:002 / top(01) / queryhit / 1003.000000000 para Root(00)
Mensaje D / 00:00:03:002 / top(01) / ... para Root(00)
Mensaje X / 00:00:04:000 / Root(00) / peer_in / 3000.000000000 para top(01)
Mensaje X / 00:00:04:000 / top(01) / peer_in / 3000.000000000 para db(02)
Mensaje D / 00:00:04:000 / db(02) / 00:00:00:002 para top(01)
Mensaje D / 00:00:04:000 / top(01) / 00:00:00:002 para Root(00)
Mensaje * / 00:00:04:002 / Root(00) para top(01)
Mensaje * / 00:00:04:002 / top(01) para db(02)
Mensaje Y / 00:00:04:002 / db(02) / queryhit / 2003.000000000 para top(01)
Mensaje D / 00:00:04:002 / db(02) / ... para top(01)
Mensaje Y / 00:00:04:002 / top(01) / queryhit / 2003.000000000 para Root(00)
Mensaje D / 00:00:04:002 / top(01) / ... para Root(00)
Mensaje X / 00:00:05:000 / Root(00) / peer_in / 5000.000000000 para top(01)
Mensaje X / 00:00:05:000 / top(01) / peer_in / 5000.000000000 para db(02)
Mensaje D / 00:00:05:000 / db(02) / 00:00:00:002 para top(01)
Mensaje D / 00:00:05:000 / top(01) / 00:00:00:002 para Root(00)
Mensaje * / 00:00:05:002 / Root(00) para top(01)
Mensaje * / 00:00:05:002 / top(01) para db(02)
Mensaje Y / 00:00:05:002 / db(02) / queryhit / 2005.000000000 para top(01)
Mensaje D / 00:00:05:002 / db(02) / ... para top(01)
Mensaje Y / 00:00:05:002 / top(01) / queryhit / 2005.000000000 para Root(00)
Mensaje D / 00:00:05:002 / top(01) / ... para Root(00)
Mensaje X / 00:00:06:000 / Root(00) / peer_in / 6000.000000000 para top(01)
Mensaje X / 00:00:06:000 / top(01) / peer_in / 6000.000000000 para db(02)
Mensaje D / 00:00:06:000 / db(02) / 00:00:00:002 para top(01)
Mensaje D / 00:00:06:000 / top(01) / 00:00:00:002 para Root(00)
Mensaje * / 00:00:06:002 / Root(00) para top(01)
Mensaje * / 00:00:06:002 / top(01) para db(02)
Mensaje Y / 00:00:06:002 / db(02) / queryhit / 2006.000000000 para top(01)
Mensaje D / 00:00:06:002 / db(02) / 00:00:00:002 para top(01)
Mensaje Y / 00:00:06:002 / top(01) / queryhit / 2006.000000000 para Root(00)
Mensaje D / 00:00:06:002 / top(01) / 00:00:00:002 para Root(00)
Mensaje * / 00:00:06:004 / Root(00) para top(01)
Mensaje * / 00:00:06:004 / top(01) para db(02)
Mensaje Y / 00:00:06:004 / db(02) / queryhit / 5006.000000000 para top(01)
Mensaje D / 00:00:06:004 / db(02) / ... para top(01)
Mensaje Y / 00:00:06:004 / top(01) / queryhit / 5006.000000000 para Root(00)
Mensaje D / 00:00:06:004 / top(01) / ... para Root(00)
