Mensaje I / 00:00:00:000 / Root(00) para top(01)
Mensaje I / 00:00:00:000 / top(01) para db(02)
Mensaje D / 00:00:00:000 / db(02) / ... para top(01)
Mensaje D / 00:00:00:000 / top(01) / ... para Root(00)
Mensaje X / 00:00:04:000 / Root(00) / peer_in / 1042.000000000 para top(01)
Mensaje X / 00:00:04:000 / top(01) / peer_in / 1042.000000000 para db(02)
Mensaje D / 00:00:04:000 / db(02) / 00:00:00:002 para top(01)
Mensaje D / 00:00:04:000 / top(01) / 00:00:00:002 para Root(00)
Mensaje * / 00:00:04:002 / Root(00) para top(01)
Mensaje * / 00:00:04:002 / top(01) para db(02)
Mensaje Y / 00:00:04:002 / db(02) / link / 1042.000000000 para top(01)
Mensaje D / 00:00:04:002 / db(02) / ... para top(01)
Mensaje Y / 00:00:04:002 / top(01) / link / 1042.000000000 para Root(00)
Mensaje D / 00:00:04:002 / top(01) / ... para Root(00)
Mensaje X / 00:00:05:000 / Root(00) / peer_in / 2065.000000000 para top(01)
Mensaje X / 00:00:05:000 / top(01) / peer_in / 2065.000000000 para db(02)
Mensaje D / 00:00:05:000 / db(02) / 00:00:00:002 para top(01)
Mensaje D / 00:00:05:000 / top(01) / 00:00:00:002 para Root(00)
Mensaje * / 00:00:05:002 / Root(00) para top(01)
Mensaje * / 00:00:05:002 / top(01) para db(02)
Mensaje Y / 00:00:05:002 / db(02) / link / 2065.000000000 para top(01)
Mensaje D / 00:00:05:002 / db(02) / ... para top(01)
Mensaje Y / 00:00:05:002 / top(01) / link / 2065.000000000 para Root(00)
Mensaje D / 00:00:05:002 / top(01) / ... para Root(00)
Mensaje X / 00:00:06:000 / Root(00) / peer_in / 3098.000000000 para top(01)
Mensaje X / 00:00:06:000 / top(01) / peer_in / 3098.000000000 para db(02)
Mensaje D / 00:00:06:000 / db(02) / 00:00:00:002 para top(01)
Mensaje D / 00:00:06:000 / top(01) / 00:00:00:002 para Root(00)
Mensaje * / 00:00:06:002 / Root(00) para top(01)
Mensaje * / 00:00:06:002 / top(01) para db(02)
Mensaje Y / 00:00:06:002 / db(02) / link / 3098.000000000 para top(01)
Mensaje D / 00:00:06:002 / db(02) / ... para top(01)
Mensaje Y / 00:00:06:002 / top(01) / link / 3098.000000000 para Root(00)
Mensaje D / 00:00:06:002 / top(01) / ... para Root(00)
Mensaje X / 00:00:07:000 / Root(00) / peer_in / 4012.000000000 para top(01)
Mensaje X / 00:00:07:000 / top(01) / peer_in / 4012.000000000 para db(02)
Mensaje D / 00:00:07:000 / db(02) / 00:00:00:002 para top(01)
Mensaje D / 00:00:07:000 / top(01) / 00:00:00:002 para Root(00)
Mensaje * / 00:00:07:002 / Root(00) para top(01)
Mensaje * / 00:00:07:002 / top(01) para db(02)
Mensaje Y / 00:00:07:002 / db(02) / link / 4012.000000000 para top(01)
Mensaje D / 00:00:07:002 / db(02) / ... para top(01)
Mensaje Y / 00:00:07:002 / top(01) / link / 4012.000000000 para Root(00)
Mensaje D / 00:00:07:002 / top(01) / ... para Root(00)
Mensaje X / 00:00:08:000 / Root(00) / peer_in / 5999.000000000 para top(01)
Mensaje X / 00:00:08:000 / top(01) / peer_in / 5999.000000000 para db(02)
Mensaje D / 00:00:08:000 / db(02) / 00:00:00:002 para top(01)
Mensaje D / 00:00:08:000 / top(01) / 00:00:00:002 para Root(00)
Mensaje * / 00:00:08:002 / Root(00) para top(01)
Mensaje * / 00:00:08:002 / top(01) para db(02)
Mensaje Y / 00:00:08:002 / db(02) / link / 5999.000000000 para top(01)
Mensaje D / 00:00:08:002 / db(02) / ... para top(01)
Mensaje Y / 00:00:08:002 / top(01) / link / 5999.000000000 para Root(00)
Mensaje D / 00:00:08:002 / top(01) / ... para Root(00)
Mensaje X / 00:00:09:000 / Root(00) / peer_in / 6234.000000000 para top(01)
Mensaje X / 00:00:09:000 / top(01) / peer_in / 6234.000000000 para db(02)
Mensaje D / 00:00:09:000 / db(02) / 00:00:00:002 para top(01)
Mensaje D / 00:00:09:000 / top(01) / 00:00:00:002 para Root(00)
Mensaje * / 00:00:09:002 / Root(00) para top(01)
Mensaje * / 00:00:09:002 / top(01) para db(02)
Mensaje Y / 00:00:09:002 / db(02) / link / 6234.000000000 para top(01)
Mensaje D / 00:00:09:002 / db(02) / ... para top(01)
Mensaje Y / 00:00:09:002 / top(01) / link / 6234.000000000 para Root(00)
Mensaje D / 00:00:09:002 / top(01) / ... para Root(00)
Mensaje X / 00:00:10:000 / Root(00) / publish / 3.000000000 para top(01)
Mensaje X / 00:00:10:000 / top(01) / publish / 3.000000000 para db(02)
Mensaje D / 00:00:10:000 / db(02) / 00:00:00:002 para top(01)
Mensaje D / 00:00:10:000 / top(01) / 00:00:00:002 para Root(00)
Mensaje * / 00:00:10:002 / Root(00) para top(01)
Mensaje * / 00:00:10:002 / top(01) para db(02)
Mensaje Y / 00:00:10:002 / db(02) / p_out / 3.000000000 para top(01)
Mensaje D / 00:00:10:002 / db(02) / ... para top(01)
Mensaje Y / 00:00:10:002 / top(01) / p_out / 3.000000000 para Root(00)
Mensaje D / 00:00:10:002 / top(01) / ... para Root(00)
Mensaje X / 00:00:11:000 / Root(00) / publish / 15.000000000 para top(01)
Mensaje X / 00:00:11:000 / top(01) / publish / 15.000000000 para db(02)
Mensaje D / 00:00:11:000 / db(02) / 00:00:00:002 para top(01)
Mensaje D / 00:00:11:000 / top(01) / 00:00:00:002 para Root(00)
Mensaje * / 00:00:11:002 / Root(00) para top(01)
Mensaje * / 00:00:11:002 / top(01) para db(02)
Mensaje Y / 00:00:11:002 / db(02) / p_out / 15.000000000 para top(01)
Mensaje D / 00:00:11:002 / db(02) / ... para top(01)
Mensaje Y / 00:00:11:002 / top(01) / p_out / 15.000000000 para Root(00)
Mensaje D / 00:00:11:002 / top(01) / ... para Root(00)
Mensaje X / 00:00:12:000 / Root(00) / publish / 10.000000000 para top(01)
Mensaje X / 00:00:12:000 / top(01) / publish / 10.000000000 para db(02)
Mensaje D / 00:00:12:000 / db(02) / 00:00:00:002 para top(01)
Mensaje D / 00:00:12:000 / top(01) / 00:00:00:002 para Root(00)
Mensaje * / 00:00:12:002 / Root(00) para top(01)
Mensaje * / 00:00:12:002 / top(01) para db(02)
Mensaje Y / 00:00:12:002 / db(02) / p_out / 10.000000000 para top(01)
Mensaje D / 00:00:12:002 / db(02) / ... para top(01)
Mensaje Y / 00:00:12:002 / top(01) / p_out / 10.000000000 para Root(00)
Mensaje D / 00:00:12:002 / top(01) / ... para Root(00)
Mensaje X / 00:00:13:000 / Root(00) / publish / 24.000000000 para top(01)
Mensaje X / 00:00:13:000 / top(01) / publish / 24.000000000 para db(02)
Mensaje D / 00:00:13:000 / db(02) / 00:00:00:002 para top(01)
Mensaje D / 00:00:13:000 / top(01) / 00:00:00:002 para Root(00)
Mensaje * / 00:00:13:002 / Root(00) para top(01)
Mensaje * / 00:00:13:002 / top(01) para db(02)
Mensaje Y / 00:00:13:002 / db(02) / p_out / 24.000000000 para top(01)
Mensaje D / 00:00:13:002 / db(02) / ... para top(01)
Mensaje Y / 00:00:13:002 / top(01) / p_out / 24.000000000 para Root(00)
Mensaje D / 00:00:13:002 / top(01) / ... para Root(00)
Mensaje X / 00:00:14:000 / Root(00) / publish / 52.000000000 para top(01)
Mensaje X / 00:00:14:000 / top(01) / publish / 52.000000000 para db(02)
Mensaje D / 00:00:14:000 / db(02) / 00:00:00:002 para top(01)
Mensaje D / 00:00:14:000 / top(01) / 00:00:00:002 para Root(00)
Mensaje * / 00:00:14:002 / Root(00) para top(01)
Mensaje * / 00:00:14:002 / top(01) para db(02)
Mensaje Y / 00:00:14:002 / db(02) / p_out / 52.000000000 para top(01)
Mensaje D / 00:00:14:002 / db(02) / ... para top(01)
Mensaje Y / 00:00:14:002 / top(01) / p_out / 52.000000000 para Root(00)
Mensaje D / 00:00:14:002 / top(01) / ... para Root(00)
Mensaje X / 00:00:15:000 / Root(00) / publish / 9.000000000 para top(01)
Mensaje X / 00:00:15:000 / top(01) / publish / 9.000000000 para db(02)
Mensaje D / 00:00:15:000 / db(02) / 00:00:00:002 para top(01)
Mensaje D / 00:00:15:000 / top(01) / 00:00:00:002 para Root(00)
Mensaje * / 00:00:15:002 / Root(00) para top(01)
Mensaje * / 00:00:15:002 / top(01) para db(02)
Mensaje Y / 00:00:15:002 / db(02) / p_out / 9.000000000 para top(01)
Mensaje D / 00:00:15:002 / db(02) / ... para top(01)
Mensaje Y / 00:00:15:002 / top(01) / p_out / 9.000000000 para Root(00)
Mensaje D / 00:00:15:002 / top(01) / ... para Root(00)
