Mensaje I / 00:00:00:000 / Root(00) para top(01)
Mensaje I / 00:00:00:000 / top(01) para netwk(02)
Mensaje D / 00:00:00:000 / netwk(02) / ... para top(01)
Mensaje D / 00:00:00:000 / top(01) / ... para Root(00)
Mensaje X / 00:00:10:000 / Root(00) / peer_online /      1.00000 para top(01)
Mensaje X / 00:00:10:000 / top(01) / peer_online /      1.00000 para netwk(02)
Mensaje D / 00:00:10:000 / netwk(02) / ... para top(01)
Mensaje D / 00:00:10:000 / top(01) / ... para Root(00)
Mensaje X / 00:00:15:000 / Root(00) / inroute / 7001011.00000 para top(01)
Mensaje X / 00:00:15:000 / top(01) / inroute / 7001011.00000 para netwk(02)
Mensaje D / 00:00:15:000 / netwk(02) / ... para top(01)
Mensaje D / 00:00:15:000 / top(01) / ... para Root(00)
Mensaje X / 00:00:30:000 / Root(00) / peer_online /      2.00000 para top(01)
Mensaje X / 00:00:30:000 / top(01) / peer_online /      2.00000 para netwk(02)
Mensaje D / 00:00:30:000 / netwk(02) / ... para top(01)
Mensaje D / 00:00:30:000 / top(01) / ... para Root(00)
Mensaje X / 00:00:31:000 / Root(00) / peer_online /      3.00000 para top(01)
Mensaje X / 00:00:31:000 / top(01) / peer_online /      3.00000 para netwk(02)
Mensaje D / 00:00:31:000 / netwk(02) / ... para top(01)
Mensaje D / 00:00:31:000 / top(01) / ... para Root(00)
Mensaje X / 00:00:32:000 / Root(00) / peer_connect /   2003.00000 para top(01)
Mensaje X / 00:00:32:000 / top(01) / peer_connect /   2003.00000 para netwk(02)
Mensaje D / 00:00:32:000 / netwk(02) / 00:00:00:001 para top(01)
Mensaje D / 00:00:32:000 / top(01) / 00:00:00:001 para Root(00)
Mensaje * / 00:00:32:001 / Root(00) para top(01)
Mensaje * / 00:00:32:001 / top(01) para netwk(02)
Mensaje Y / 00:00:32:001 / netwk(02) / out_connect / 1003002.00000 para top(01)
Mensaje D / 00:00:32:001 / netwk(02) / ... para top(01)
Mensaje Y / 00:00:32:001 / top(01) / out_connect / 1003002.00000 para Root(00)
Mensaje D / 00:00:32:001 / top(01) / ... para Root(00)
Mensaje X / 00:00:33:000 / Root(00) / peer_connect /   2001.00000 para top(01)
Mensaje X / 00:00:33:000 / top(01) / peer_connect /   2001.00000 para netwk(02)
Mensaje D / 00:00:33:000 / netwk(02) / 00:00:00:001 para top(01)
Mensaje D / 00:00:33:000 / top(01) / 00:00:00:001 para Root(00)
Mensaje * / 00:00:33:001 / Root(00) para top(01)
Mensaje * / 00:00:33:001 / top(01) para netwk(02)
Mensaje Y / 00:00:33:001 / netwk(02) / out_connect / 1001002.00000 para top(01)
Mensaje D / 00:00:33:001 / netwk(02) / ... para top(01)
Mensaje Y / 00:00:33:001 / top(01) / out_connect / 1001002.00000 para Root(00)
Mensaje D / 00:00:33:001 / top(01) / ... para Root(00)
Mensaje X / 00:00:34:000 / Root(00) / peer_online /      6.00000 para top(01)
Mensaje X / 00:00:34:000 / top(01) / peer_online /      6.00000 para netwk(02)
Mensaje D / 00:00:34:000 / netwk(02) / ... para top(01)
Mensaje D / 00:00:34:000 / top(01) / ... para Root(00)
Mensaje X / 00:00:34:040 / Root(00) / peer_connect /   2006.00000 para top(01)
Mensaje X / 00:00:34:040 / top(01) / peer_connect /   2006.00000 para netwk(02)
Mensaje D / 00:00:34:040 / netwk(02) / 00:00:00:001 para top(01)
Mensaje D / 00:00:34:040 / top(01) / 00:00:00:001 para Root(00)
Mensaje * / 00:00:34:041 / Root(00) para top(01)
Mensaje * / 00:00:34:041 / top(01) para netwk(02)
Mensaje Y / 00:00:34:041 / netwk(02) / out_connect / 1006002.00000 para top(01)
Mensaje D / 00:00:34:041 / netwk(02) / ... para top(01)
Mensaje Y / 00:00:34:041 / top(01) / out_connect / 1006002.00000 para Root(00)
Mensaje D / 00:00:34:041 / top(01) / ... para Root(00)
Mensaje X / 00:00:34:080 / Root(00) / peer_online /      8.00000 para top(01)
Mensaje X / 00:00:34:080 / top(01) / peer_online /      8.00000 para netwk(02)
Mensaje D / 00:00:34:080 / netwk(02) / ... para top(01)
Mensaje D / 00:00:34:080 / top(01) / ... para Root(00)
Mensaje X / 00:00:34:090 / Root(00) / peer_connect /   2008.00000 para top(01)
Mensaje X / 00:00:34:090 / top(01) / peer_connect /   2008.00000 para netwk(02)
Mensaje D / 00:00:34:090 / netwk(02) / 00:00:00:001 para top(01)
Mensaje D / 00:00:34:090 / top(01) / 00:00:00:001 para Root(00)
Mensaje * / 00:00:34:091 / Root(00) para top(01)
Mensaje * / 00:00:34:091 / top(01) para netwk(02)
Mensaje Y / 00:00:34:091 / netwk(02) / out_connect / 1008002.00000 para top(01)
Mensaje D / 00:00:34:091 / netwk(02) / ... para top(01)
Mensaje Y / 00:00:34:091 / top(01) / out_connect / 1008002.00000 para Root(00)
Mensaje D / 00:00:34:091 / top(01) / ... para Root(00)
Mensaje X / 00:00:35:000 / Root(00) / inroute / 7002011.00000 para top(01)
Mensaje X / 00:00:35:000 / top(01) / inroute / 7002011.00000 para netwk(02)
Mensaje D / 00:00:35:000 / netwk(02) / 00:00:00:019 para top(01)
Mensaje D / 00:00:35:000 / top(01) / 00:00:00:019 para Root(00)
Mensaje * / 00:00:35:019 / Root(00) para top(01)
Mensaje * / 00:00:35:019 / top(01) para netwk(02)
Mensaje Y / 00:00:35:019 / netwk(02) / route_out / 7006011.00000 para top(01)
Mensaje D / 00:00:35:019 / netwk(02) / 00:00:00:040 para top(01)
Mensaje Y / 00:00:35:019 / top(01) / route_out / 7006011.00000 para Root(00)
Mensaje D / 00:00:35:019 / top(01) / 00:00:00:040 para Root(00)
Mensaje * / 00:00:35:059 / Root(00) para top(01)
Mensaje * / 00:00:35:059 / top(01) para netwk(02)
Mensaje Y / 00:00:35:059 / netwk(02) / route_out / 7003011.00000 para top(01)
Mensaje D / 00:00:35:059 / netwk(02) / 00:00:00:008 para top(01)
Mensaje Y / 00:00:35:059 / top(01) / route_out / 7003011.00000 para Root(00)
Mensaje D / 00:00:35:059 / top(01) / 00:00:00:008 para Root(00)
Mensaje * / 00:00:35:067 / Root(00) para top(01)
Mensaje * / 00:00:35:067 / top(01) para netwk(02)
Mensaje Y / 00:00:35:067 / netwk(02) / route_out / 7001011.00000 para top(01)
Mensaje D / 00:00:35:067 / netwk(02) / 00:00:00:006 para top(01)
Mensaje Y / 00:00:35:067 / top(01) / route_out / 7001011.00000 para Root(00)
Mensaje D / 00:00:35:067 / top(01) / 00:00:00:006 para Root(00)
Mensaje * / 00:00:35:073 / Root(00) para top(01)
Mensaje * / 00:00:35:073 / top(01) para netwk(02)
Mensaje Y / 00:00:35:073 / netwk(02) / route_out / 7008011.00000 para top(01)
Mensaje D / 00:00:35:073 / netwk(02) / ... para top(01)
Mensaje Y / 00:00:35:073 / top(01) / route_out / 7008011.00000 para Root(00)
Mensaje D / 00:00:35:073 / top(01) / ... para Root(00)
Mensaje X / 00:00:36:010 / Root(00) / peer_connect /   6008.00000 para top(01)
Mensaje X / 00:00:36:010 / top(01) / peer_connect /   6008.00000 para netwk(02)
Mensaje D / 00:00:36:010 / netwk(02) / 00:00:00:001 para top(01)
Mensaje D / 00:00:36:010 / top(01) / 00:00:00:001 para Root(00)
Mensaje * / 00:00:36:011 / Root(00) para top(01)
Mensaje * / 00:00:36:011 / top(01) para netwk(02)
Mensaje Y / 00:00:36:011 / netwk(02) / out_connect / 1008006.00000 para top(01)
Mensaje D / 00:00:36:011 / netwk(02) / ... para top(01)
Mensaje Y / 00:00:36:011 / top(01) / out_connect / 1008006.00000 para Root(00)
Mensaje D / 00:00:36:011 / top(01) / ... para Root(00)
Mensaje X / 00:00:37:000 / Root(00) / peer_offline /      1.00000 para top(01)
Mensaje X / 00:00:37:000 / top(01) / peer_offline /      1.00000 para netwk(02)
Mensaje D / 00:00:37:000 / netwk(02) / 00:00:00:001 para top(01)
Mensaje D / 00:00:37:000 / top(01) / 00:00:00:001 para Root(00)
Mensaje * / 00:00:37:001 / Root(00) para top(01)
Mensaje * / 00:00:37:001 / top(01) para netwk(02)
Mensaje Y / 00:00:37:001 / netwk(02) / out_disconnect /   2001.00000 para top(01)
Mensaje D / 00:00:37:001 / netwk(02) / ... para top(01)
Mensaje Y / 00:00:37:001 / top(01) / out_disconnect /   2001.00000 para Root(00)
Mensaje D / 00:00:37:001 / top(01) / ... para Root(00)
Mensaje X / 00:00:38:000 / Root(00) / peer_connect /   3006.00000 para top(01)
Mensaje X / 00:00:38:000 / top(01) / peer_connect /   3006.00000 para netwk(02)
Mensaje D / 00:00:38:000 / netwk(02) / 00:00:00:001 para top(01)
Mensaje D / 00:00:38:000 / top(01) / 00:00:00:001 para Root(00)
Mensaje * / 00:00:38:001 / Root(00) para top(01)
Mensaje * / 00:00:38:001 / top(01) para netwk(02)
Mensaje Y / 00:00:38:001 / netwk(02) / out_connect / 1006003.00000 para top(01)
Mensaje D / 00:00:38:001 / netwk(02) / ... para top(01)
Mensaje Y / 00:00:38:001 / top(01) / out_connect / 1006003.00000 para Root(00)
Mensaje D / 00:00:38:001 / top(01) / ... para Root(00)
Mensaje X / 00:01:09:000 / Root(00) / inroute / 6006022.00000 para top(01)
Mensaje X / 00:01:09:000 / top(01) / inroute / 6006022.00000 para netwk(02)
Mensaje D / 00:01:09:000 / netwk(02) / 00:00:00:001 para top(01)
Mensaje D / 00:01:09:000 / top(01) / 00:00:00:001 para Root(00)
Mensaje * / 00:01:09:001 / Root(00) para top(01)
Mensaje * / 00:01:09:001 / top(01) para netwk(02)
Mensaje Y / 00:01:09:001 / netwk(02) / route_out / 6003022.00000 para top(01)
Mensaje D / 00:01:09:001 / netwk(02) / 00:00:00:013 para top(01)
Mensaje Y / 00:01:09:001 / top(01) / route_out / 6003022.00000 para Root(00)
Mensaje D / 00:01:09:001 / top(01) / 00:00:00:013 para Root(00)
Mensaje * / 00:01:09:014 / Root(00) para top(01)
Mensaje * / 00:01:09:014 / top(01) para netwk(02)
Mensaje Y / 00:01:09:014 / netwk(02) / route_out / 6002022.00000 para top(01)
Mensaje D / 00:01:09:014 / netwk(02) / 00:00:00:085 para top(01)
Mensaje Y / 00:01:09:014 / top(01) / route_out / 6002022.00000 para Root(00)
Mensaje D / 00:01:09:014 / top(01) / 00:00:00:085 para Root(00)
Mensaje * / 00:01:09:099 / Root(00) para top(01)
Mensaje * / 00:01:09:099 / top(01) para netwk(02)
Mensaje Y / 00:01:09:099 / netwk(02) / route_out / 6008022.00000 para top(01)
Mensaje D / 00:01:09:099 / netwk(02) / ... para top(01)
Mensaje Y / 00:01:09:099 / top(01) / route_out / 6008022.00000 para Root(00)
Mensaje D / 00:01:09:099 / top(01) / ... para Root(00)
Mensaje X / 00:01:36:000 / Root(00) / peer_offline /      3.00000 para top(01)
Mensaje X / 00:01:36:000 / top(01) / peer_offline /      3.00000 para netwk(02)
Mensaje D / 00:01:36:000 / netwk(02) / 00:00:00:001 para top(01)
Mensaje D / 00:01:36:000 / top(01) / 00:00:00:001 para Root(00)
Mensaje * / 00:01:36:001 / Root(00) para top(01)
Mensaje * / 00:01:36:001 / top(01) para netwk(02)
Mensaje Y / 00:01:36:001 / netwk(02) / out_disconnect /   2003.00000 para top(01)
Mensaje D / 00:01:36:001 / netwk(02) / 00:00:00:001 para top(01)
Mensaje Y / 00:01:36:001 / top(01) / out_disconnect /   2003.00000 para Root(00)
Mensaje D / 00:01:36:001 / top(01) / 00:00:00:001 para Root(00)
Mensaje * / 00:01:36:002 / Root(00) para top(01)
Mensaje * / 00:01:36:002 / top(01) para netwk(02)
Mensaje Y / 00:01:36:002 / netwk(02) / out_disconnect /   6003.00000 para top(01)
Mensaje D / 00:01:36:002 / netwk(02) / ... para top(01)
Mensaje Y / 00:01:36:002 / top(01) / out_disconnect /   6003.00000 para Root(00)
Mensaje D / 00:01:36:002 / top(01) / ... para Root(00)
