Mensaje I / 00:00:00:000 / Root(00) para top(01)
Mensaje I / 00:00:00:000 / top(01) para gnut(02)
Mensaje D / 00:00:00:000 / gnut(02) / ... para top(01)
Mensaje D / 00:00:00:000 / top(01) / ... para Root(00)
Mensaje X / 00:00:10:000 / Root(00) / route_in /   1012.00000 para top(01)
Mensaje X / 00:00:10:000 / top(01) / route_in /   1012.00000 para gnut(02)
Mensaje D / 00:00:10:000 / gnut(02) / 00:00:00:000 para top(01)
Mensaje D / 00:00:10:000 / top(01) / 00:00:00:000 para Root(00)
Mensaje * / 00:00:10:000 / Root(00) para top(01)
Mensaje * / 00:00:10:000 / top(01) para gnut(02)
Mensaje Y / 00:00:10:000 / gnut(02) / out_n / 7001012.00000 para top(01)
Mensaje Y / 00:00:10:000 / gnut(02) / route_out /   1012.00000 para top(01)
Mensaje D / 00:00:10:000 / gnut(02) / ... para top(01)
Mensaje Y / 00:00:10:000 / top(01) / out_n / 7001012.00000 para Root(00)
Mensaje Y / 00:00:10:000 / top(01) / route_out /   1012.00000 para Root(00)
Mensaje D / 00:00:10:000 / top(01) / ... para Root(00)
Mensaje X / 00:00:15:000 / Root(00) / in_n / 2001012.00000 para top(01)
Mensaje X / 00:00:15:000 / top(01) / in_n / 2001012.00000 para gnut(02)
Mensaje D / 00:00:15:000 / gnut(02) / 00:00:00:000 para top(01)
Mensaje D / 00:00:15:000 / top(01) / 00:00:00:000 para Root(00)
Mensaje * / 00:00:15:000 / Root(00) para top(01)
Mensaje * / 00:00:15:000 / top(01) para gnut(02)
Mensaje D / 00:00:15:000 / gnut(02) / ... para top(01)
Mensaje D / 00:00:15:000 / top(01) / ... para Root(00)
Mensaje X / 00:00:16:000 / Root(00) / in_n / 2002012.00000 para top(01)
Mensaje X / 00:00:16:000 / top(01) / in_n / 2002012.00000 para gnut(02)
Mensaje D / 00:00:16:000 / gnut(02) / 00:00:00:000 para top(01)
Mensaje D / 00:00:16:000 / top(01) / 00:00:00:000 para Root(00)
Mensaje * / 00:00:16:000 / Root(00) para top(01)
Mensaje * / 00:00:16:000 / top(01) para gnut(02)
Mensaje Y / 00:00:16:000 / gnut(02) / out_n / 1002012.00000 para top(01)
Mensaje Y / 00:00:16:000 / gnut(02) / route_out /   2012.00000 para top(01)
Mensaje D / 00:00:16:000 / gnut(02) / ... para top(01)
Mensaje Y / 00:00:16:000 / top(01) / out_n / 1002012.00000 para Root(00)
Mensaje Y / 00:00:16:000 / top(01) / route_out /   2012.00000 para Root(00)
Mensaje D / 00:00:16:000 / top(01) / ... para Root(00)
Mensaje X / 00:00:31:000 / Root(00) / route_in /   7066.00000 para top(01)
Mensaje X / 00:00:31:000 / top(01) / route_in /   7066.00000 para gnut(02)
Mensaje D / 00:00:31:000 / gnut(02) / 00:00:00:000 para top(01)
Mensaje D / 00:00:31:000 / top(01) / 00:00:00:000 para Root(00)
Mensaje * / 00:00:31:000 / Root(00) para top(01)
Mensaje * / 00:00:31:000 / top(01) para gnut(02)
Mensaje Y / 00:00:31:000 / gnut(02) / out_n / 7007066.00000 para top(01)
Mensaje Y / 00:00:31:000 / gnut(02) / route_out /   7066.00000 para top(01)
Mensaje D / 00:00:31:000 / gnut(02) / ... para top(01)
Mensaje Y / 00:00:31:000 / top(01) / out_n / 7007066.00000 para Root(00)
Mensaje Y / 00:00:31:000 / top(01) / route_out /   7066.00000 para Root(00)
Mensaje D / 00:00:31:000 / top(01) / ... para Root(00)
Mensaje X / 00:00:32:000 / Root(00) / in_n / 1008066.00000 para top(01)
Mensaje X / 00:00:32:000 / top(01) / in_n / 1008066.00000 para gnut(02)
Mensaje D / 00:00:32:000 / gnut(02) / 00:00:00:000 para top(01)
Mensaje D / 00:00:32:000 / top(01) / 00:00:00:000 para Root(00)
Mensaje * / 00:00:32:000 / Root(00) para top(01)
Mensaje * / 00:00:32:000 / top(01) para gnut(02)
Mensaje Y / 00:00:32:000 / gnut(02) / out_n /   8066.00000 para top(01)
Mensaje Y / 00:00:32:000 / gnut(02) / route_out /   8066.00000 para top(01)
Mensaje D / 00:00:32:000 / gnut(02) / ... para top(01)
Mensaje Y / 00:00:32:000 / top(01) / out_n /   8066.00000 para Root(00)
Mensaje Y / 00:00:32:000 / top(01) / route_out /   8066.00000 para Root(00)
Mensaje D / 00:00:32:000 / top(01) / ... para Root(00)
Mensaje X / 00:00:33:001 / Root(00) / in_n /   7066.00000 para top(01)
Mensaje X / 00:00:33:001 / top(01) / in_n /   7066.00000 para gnut(02)
Mensaje D / 00:00:33:001 / gnut(02) / 00:00:00:000 para top(01)
Mensaje D / 00:00:33:001 / top(01) / 00:00:00:000 para Root(00)
Mensaje * / 00:00:33:001 / Root(00) para top(01)
Mensaje * / 00:00:33:001 / top(01) para gnut(02)
Mensaje D / 00:00:33:001 / gnut(02) / ... para top(01)
Mensaje D / 00:00:33:001 / top(01) / ... para Root(00)
Mensaje X / 00:00:34:005 / Root(00) / in_n /   8066.00000 para top(01)
Mensaje X / 00:00:34:005 / top(01) / in_n /   8066.00000 para gnut(02)
Mensaje D / 00:00:34:005 / gnut(02) / 00:00:00:000 para top(01)
Mensaje D / 00:00:34:005 / top(01) / 00:00:00:000 para Root(00)
Mensaje * / 00:00:34:005 / Root(00) para top(01)
Mensaje * / 00:00:34:005 / top(01) para gnut(02)
Mensaje D / 00:00:34:005 / gnut(02) / ... para top(01)
Mensaje D / 00:00:34:005 / top(01) / ... para Root(00)
